2022-12-01 11:11:56.5973 servr.integratex.ui.BDULoginForm Login attempted by user using account pmsStaging@yopmail.com - at Thursday, 01 December 2022 11:11 AM
2022-12-01 11:12:00.1410 servr.integratex.ui.BDULoginForm user - pmsStaging@yopmail.com, login time is Thursday, 01 December 2022 11:12 AM 
2022-12-01 11:12:05.2569 BDU.RobotWeb.WebHandler IntegrateX Web AI engine started.., at- Thursday, 01 December 2022 11:12 AM
2022-12-01 11:12:05.3086 BDU.RobotWeb.WebHandler IX web login started running, at Thursday, 01 December 2022 11:12 AM
2022-12-01 11:12:05.3086 BDU.RobotWeb.WebSession Test run started, at 12/1/2022 6:12:05 AM
2022-12-01 11:12:23.2096 BDU.RobotWeb.WebHandler IntegrateX web login has completed successfully, at Thursday, 01 December 2022 11:12 AM
2022-12-01 11:12:23.2125 BDU.RobotWeb.WebHandler IntegrateX Web AI engine started.., at- Thursday, 01 December 2022 11:12 AM
2022-12-01 11:12:23.2300 BDU.RobotWeb.WebHandler Started capturing data, at Thursday, 01 December 2022 11:12 AM
2022-12-01 11:12:28.5142 servr.integratex.ui.frmMain IntegrateX started, at Thursday, 01 December 2022 11:12 AM
2022-12-01 11:13:19.3453 BDU.RobotWeb.WebHandler Entity  data scan started, at Thursday, 01 December 2022 11:13 AM
2022-12-01 11:14:39.6250 servr.integratex.ui.BDULoginForm Login attempted by user using account pmsStaging@yopmail.com - at Thursday, 01 December 2022 11:14 AM
2022-12-01 11:14:48.8009 servr.integratex.ui.BDULoginForm user - pmsStaging@yopmail.com, login time is Thursday, 01 December 2022 11:14 AM 
2022-12-01 11:14:51.8901 BDU.RobotWeb.WebHandler IntegrateX Web AI engine started.., at- Thursday, 01 December 2022 11:14 AM
2022-12-01 11:14:51.9441 BDU.RobotWeb.WebHandler IX web login started running, at Thursday, 01 December 2022 11:14 AM
2022-12-01 11:14:51.9488 BDU.RobotWeb.WebSession Test run started, at 12/1/2022 6:14:51 AM
2022-12-01 11:15:21.6486 BDU.RobotWeb.WebHandler IntegrateX web login has completed successfully, at Thursday, 01 December 2022 11:15 AM
2022-12-01 11:15:21.6539 BDU.RobotWeb.WebHandler IntegrateX Web AI engine started.., at- Thursday, 01 December 2022 11:15 AM
2022-12-01 11:15:21.6685 BDU.RobotWeb.WebHandler Started capturing data, at Thursday, 01 December 2022 11:15 AM
2022-12-01 11:15:27.3308 servr.integratex.ui.frmMain IntegrateX started, at Thursday, 01 December 2022 11:15 AM
2022-12-01 11:15:34.4219 servr.integratex.ui.Login Login attempted by user using account pmsStaging@yopmail.com - at Thursday, 01 December 2022 11:15 AM
2022-12-01 11:15:35.4420 servr.integratex.ui.Login user - pmsStaging@yopmail.com, login time is Thursday, 01 December 2022 11:15 AM 
2022-12-01 11:16:13.4629 servr.integratex.ui.MappingForm Mapping save called, at Thursday, 01 December 2022 11:16 AM
2022-12-01 11:16:15.4381 servr.integratex.ui.MappingForm Mapping save & complete process started, at Thursday, 01 December 2022 11:16 AM
2022-12-01 11:16:18.7006 servr.integratex.ui.MappingForm Mapping 'save & complete' completed successfully, at Thursday, 01 December 2022 11:16 AM
2022-12-01 11:18:06.0051 servr.integratex.ui.BDULoginForm Login attempted by user using account pmsStaging@yopmail.com - at Thursday, 01 December 2022 11:18 AM
2022-12-01 11:18:09.3904 servr.integratex.ui.BDULoginForm user - pmsStaging@yopmail.com, login time is Thursday, 01 December 2022 11:18 AM 
2022-12-01 11:18:12.5792 BDU.RobotWeb.WebHandler IntegrateX Web AI engine started.., at- Thursday, 01 December 2022 11:18 AM
2022-12-01 11:18:12.6272 BDU.RobotWeb.WebHandler IX web login started running, at Thursday, 01 December 2022 11:18 AM
2022-12-01 11:18:12.6272 BDU.RobotWeb.WebSession Test run started, at 12/1/2022 6:18:12 AM
2022-12-01 11:18:27.8396 BDU.RobotWeb.WebHandler IntegrateX web login has completed successfully, at Thursday, 01 December 2022 11:18 AM
2022-12-01 11:18:27.8396 BDU.RobotWeb.WebHandler IntegrateX Web AI engine started.., at- Thursday, 01 December 2022 11:18 AM
2022-12-01 11:18:27.8564 BDU.RobotWeb.WebHandler Started capturing data, at Thursday, 01 December 2022 11:18 AM
2022-12-01 11:18:44.4209 servr.integratex.ui.frmMain IntegrateX started, at Thursday, 01 December 2022 11:18 AM
2022-12-01 11:19:22.8050 BDU.RobotWeb.WebHandler Entity  data scan started, at Thursday, 01 December 2022 11:19 AM
2022-12-01 11:19:24.3853 BDU.RobotWeb.WebSession Data retreival process started, at 12/1/2022 6:19:24 AM
2022-12-01 11:28:09.1203 servr.integratex.ui.BDULoginForm Login attempted by user using account pmsStaging@yopmail.com - at Thursday, 01 December 2022 11:28 AM
2022-12-01 11:28:12.2923 servr.integratex.ui.BDULoginForm user - pmsStaging@yopmail.com, login time is Thursday, 01 December 2022 11:28 AM 
2022-12-01 11:28:15.1026 BDU.RobotWeb.WebHandler IntegrateX Web AI engine started.., at- Thursday, 01 December 2022 11:28 AM
2022-12-01 11:28:15.1624 BDU.RobotWeb.WebHandler IX web login started running, at Thursday, 01 December 2022 11:28 AM
2022-12-01 11:28:15.1681 BDU.RobotWeb.WebSession Test run started, at 12/1/2022 6:28:15 AM
2022-12-01 11:28:30.4308 BDU.RobotWeb.WebHandler IntegrateX web login has completed successfully, at Thursday, 01 December 2022 11:28 AM
2022-12-01 11:28:30.4308 BDU.RobotWeb.WebHandler IntegrateX Web AI engine started.., at- Thursday, 01 December 2022 11:28 AM
2022-12-01 11:28:30.4308 BDU.RobotWeb.WebHandler Started capturing data, at Thursday, 01 December 2022 11:28 AM
2022-12-01 11:28:52.0792 servr.integratex.ui.frmMain IntegrateX started, at Thursday, 01 December 2022 11:28 AM
2022-12-01 11:29:08.6532 BDU.RobotWeb.WebHandler Entity  data scan started, at Thursday, 01 December 2022 11:29 AM
2022-12-01 11:29:08.6532 BDU.RobotWeb.WebSession Data retreival process started, at 12/1/2022 6:29:08 AM
2022-12-01 11:29:09.3943 BDU.RobotWeb.WebSession System.FormatException: String '' was not recognized as a valid DateTime.
   at System.DateTime.Parse(String s)
   at BDU.RobotWeb.WebSession.RetrievalFormDataFromWeb(MappingViewModel fillableEntity) in C:\movies\aii\BDU.RobotWeb\WebSession.cs:line 491
2022-12-01 11:31:14.7116 servr.integratex.ui.BDULoginForm Login attempted by user using account pmsStaging@yopmail.com - at Thursday, 01 December 2022 11:31 AM
2022-12-01 11:31:17.7968 servr.integratex.ui.BDULoginForm user - pmsStaging@yopmail.com, login time is Thursday, 01 December 2022 11:31 AM 
2022-12-01 11:31:20.9098 BDU.RobotWeb.WebHandler IntegrateX Web AI engine started.., at- Thursday, 01 December 2022 11:31 AM
2022-12-01 11:31:20.9532 BDU.RobotWeb.WebHandler IX web login started running, at Thursday, 01 December 2022 11:31 AM
2022-12-01 11:31:20.9532 BDU.RobotWeb.WebSession Test run started, at 12/1/2022 6:31:20 AM
2022-12-01 11:31:36.2029 BDU.RobotWeb.WebHandler IntegrateX web login has completed successfully, at Thursday, 01 December 2022 11:31 AM
2022-12-01 11:31:36.2029 BDU.RobotWeb.WebHandler IntegrateX Web AI engine started.., at- Thursday, 01 December 2022 11:31 AM
2022-12-01 11:31:36.2216 BDU.RobotWeb.WebHandler Started capturing data, at Thursday, 01 December 2022 11:31 AM
2022-12-01 11:31:41.7925 servr.integratex.ui.frmMain IntegrateX started, at Thursday, 01 December 2022 11:31 AM
2022-12-01 11:32:33.2278 BDU.RobotWeb.WebHandler Entity  data scan started, at Thursday, 01 December 2022 11:32 AM
2022-12-01 11:32:33.2278 BDU.RobotWeb.WebSession Data retreival process started, at 12/1/2022 6:32:33 AM
2022-12-01 11:32:34.2773 BDU.RobotWeb.WebSession System.FormatException: String '' was not recognized as a valid DateTime.
   at System.DateTime.Parse(String s)
   at BDU.RobotWeb.WebSession.RetrievalFormDataFromWeb(MappingViewModel fillableEntity) in C:\movies\aii\BDU.RobotWeb\WebSession.cs:line 491
2022-12-01 11:34:23.1115 BDU.RobotWeb.WebHandler Entity  data scan started, at Thursday, 01 December 2022 11:34 AM
2022-12-01 11:34:23.8241 BDU.RobotWeb.WebSession Data retreival process started, at 12/1/2022 6:34:23 AM
2022-12-01 11:34:59.4148 BDU.RobotWeb.WebSession System.FormatException: String '' was not recognized as a valid DateTime.
   at System.DateTime.Parse(String s)
   at BDU.RobotWeb.WebSession.RetrievalFormDataFromWeb(MappingViewModel fillableEntity) in C:\movies\aii\BDU.RobotWeb\WebSession.cs:line 491
2022-12-01 11:41:37.2483 servr.integratex.ui.BDULoginForm Login attempted by user using account pmsStaging@yopmail.com - at Thursday, 01 December 2022 11:41 AM
2022-12-01 11:41:40.3313 servr.integratex.ui.BDULoginForm user - pmsStaging@yopmail.com, login time is Thursday, 01 December 2022 11:41 AM 
2022-12-01 11:41:44.1995 BDU.RobotWeb.WebHandler IntegrateX Web AI engine started.., at- Thursday, 01 December 2022 11:41 AM
2022-12-01 11:41:44.2529 BDU.RobotWeb.WebHandler IX web login started running, at Thursday, 01 December 2022 11:41 AM
2022-12-01 11:41:44.2594 BDU.RobotWeb.WebSession Test run started, at 12/1/2022 6:41:44 AM
2022-12-01 11:42:18.0889 BDU.RobotWeb.WebHandler IntegrateX web login has completed successfully, at Thursday, 01 December 2022 11:42 AM
2022-12-01 11:42:18.0889 BDU.RobotWeb.WebHandler IntegrateX Web AI engine started.., at- Thursday, 01 December 2022 11:42 AM
2022-12-01 11:42:18.1067 BDU.RobotWeb.WebHandler Started capturing data, at Thursday, 01 December 2022 11:42 AM
2022-12-01 11:42:23.5829 servr.integratex.ui.frmMain IntegrateX started, at Thursday, 01 December 2022 11:42 AM
2022-12-01 11:42:55.5944 BDU.RobotWeb.WebHandler Entity  data scan started, at Thursday, 01 December 2022 11:42 AM
2022-12-01 11:42:55.6026 BDU.RobotWeb.WebSession Data retreival process started, at 12/1/2022 6:42:55 AM
2022-12-01 11:42:56.3561 BDU.RobotWeb.WebSession System.FormatException: String '' was not recognized as a valid DateTime.
   at System.DateTime.Parse(String s)
   at BDU.RobotWeb.WebSession.RetrievalFormDataFromWeb(MappingViewModel fillableEntity) in C:\movies\aii\BDU.RobotWeb\WebSession.cs:line 491
2022-12-01 11:44:59.2605 BDU.RobotWeb.WebHandler Entity  data scan started, at Thursday, 01 December 2022 11:44 AM
2022-12-01 11:45:01.3707 BDU.RobotWeb.WebSession Data retreival process started, at 12/1/2022 6:45:01 AM
2022-12-01 11:46:32.1799 BDU.RobotWeb.WebSession System.FormatException: String '' was not recognized as a valid DateTime.
   at System.DateTime.Parse(String s)
   at BDU.RobotWeb.WebSession.RetrievalFormDataFromWeb(MappingViewModel fillableEntity) in C:\movies\aii\BDU.RobotWeb\WebSession.cs:line 491
2022-12-01 11:50:31.3110 servr.integratex.ui.BDULoginForm Login attempted by user using account pmsStaging@yopmail.com - at Thursday, 01 December 2022 11:50 AM
2022-12-01 11:50:34.4400 servr.integratex.ui.BDULoginForm user - pmsStaging@yopmail.com, login time is Thursday, 01 December 2022 11:50 AM 
2022-12-01 11:50:37.7710 BDU.RobotWeb.WebHandler IntegrateX Web AI engine started.., at- Thursday, 01 December 2022 11:50 AM
2022-12-01 11:50:37.8220 BDU.RobotWeb.WebHandler IX web login started running, at Thursday, 01 December 2022 11:50 AM
2022-12-01 11:50:37.8220 BDU.RobotWeb.WebSession Test run started, at 12/1/2022 6:50:37 AM
2022-12-01 11:50:52.5439 BDU.RobotWeb.WebHandler IntegrateX web login has completed successfully, at Thursday, 01 December 2022 11:50 AM
2022-12-01 11:50:52.5439 BDU.RobotWeb.WebHandler IntegrateX Web AI engine started.., at- Thursday, 01 December 2022 11:50 AM
2022-12-01 11:50:52.5612 BDU.RobotWeb.WebHandler Started capturing data, at Thursday, 01 December 2022 11:50 AM
2022-12-01 11:50:57.7455 servr.integratex.ui.frmMain IntegrateX started, at Thursday, 01 December 2022 11:50 AM
2022-12-01 11:52:14.1347 BDU.RobotWeb.WebHandler Entity  data scan started, at Thursday, 01 December 2022 11:52 AM
2022-12-01 11:52:15.0892 BDU.RobotWeb.WebSession Data retreival process started, at 12/1/2022 6:52:15 AM
2022-12-01 11:56:32.7586 servr.integratex.ui.BDULoginForm Login attempted by user using account pmsStaging@yopmail.com - at Thursday, 01 December 2022 11:56 AM
2022-12-01 11:56:36.5703 servr.integratex.ui.BDULoginForm user - pmsStaging@yopmail.com, login time is Thursday, 01 December 2022 11:56 AM 
2022-12-01 11:56:39.6585 BDU.RobotWeb.WebHandler IntegrateX Web AI engine started.., at- Thursday, 01 December 2022 11:56 AM
2022-12-01 11:56:39.7062 BDU.RobotWeb.WebHandler IX web login started running, at Thursday, 01 December 2022 11:56 AM
2022-12-01 11:56:39.7124 BDU.RobotWeb.WebSession Test run started, at 12/1/2022 6:56:39 AM
2022-12-01 11:57:02.0210 BDU.RobotWeb.WebHandler IntegrateX web login has completed successfully, at Thursday, 01 December 2022 11:57 AM
2022-12-01 11:57:02.0239 BDU.RobotWeb.WebHandler IntegrateX Web AI engine started.., at- Thursday, 01 December 2022 11:57 AM
2022-12-01 11:57:02.0414 BDU.RobotWeb.WebHandler Started capturing data, at Thursday, 01 December 2022 11:57 AM
2022-12-01 11:57:07.8493 servr.integratex.ui.frmMain IntegrateX started, at Thursday, 01 December 2022 11:57 AM
2022-12-01 11:57:49.8137 BDU.RobotWeb.WebHandler Entity  data scan started, at Thursday, 01 December 2022 11:57 AM
2022-12-01 11:57:51.9763 BDU.RobotWeb.WebSession Data retreival process started, at 12/1/2022 6:57:51 AM
2022-12-01 12:27:41.6713 BDU.RobotWeb.WebHandler Entity  data scan started, at Thursday, 01 December 2022 12:27 PM
2022-12-01 12:27:42.6992 BDU.RobotWeb.WebSession Data retreival process started, at 12/1/2022 7:27:42 AM
2022-12-01 13:04:55.4023 servr.integratex.ui.BDULoginForm Login attempted by user using account pmsStaging@yopmail.com - at Thursday, 01 December 2022 01:04 PM
2022-12-01 13:04:59.0819 servr.integratex.ui.BDULoginForm user - pmsStaging@yopmail.com, login time is Thursday, 01 December 2022 01:04 PM 
2022-12-01 13:05:02.2559 BDU.RobotWeb.WebHandler IntegrateX Web AI engine started.., at- Thursday, 01 December 2022 01:05 PM
2022-12-01 13:05:02.3043 BDU.RobotWeb.WebHandler IX web login started running, at Thursday, 01 December 2022 01:05 PM
2022-12-01 13:05:02.3090 BDU.RobotWeb.WebSession Test run started, at 12/1/2022 8:05:02 AM
2022-12-01 13:05:21.7100 BDU.RobotWeb.WebHandler IntegrateX web login has completed successfully, at Thursday, 01 December 2022 01:05 PM
2022-12-01 13:05:21.7133 BDU.RobotWeb.WebHandler IntegrateX Web AI engine started.., at- Thursday, 01 December 2022 01:05 PM
2022-12-01 13:05:21.7284 BDU.RobotWeb.WebHandler Started capturing data, at Thursday, 01 December 2022 01:05 PM
2022-12-01 13:05:28.0598 servr.integratex.ui.frmMain IntegrateX started, at Thursday, 01 December 2022 01:05 PM
2022-12-01 13:06:01.8611 BDU.RobotWeb.WebHandler Entity  data scan started, at Thursday, 01 December 2022 01:06 PM
2022-12-01 13:06:01.8701 BDU.RobotWeb.WebSession Data retreival process started, at 12/1/2022 8:06:01 AM
2022-12-01 13:06:18.3154 BDU.RobotWeb.WebHandler Started capturing data, at Thursday, 01 December 2022 01:06 PM
2022-12-01 13:08:18.4230 BDU.RobotWeb.WebHandler Entity  data scan started, at Thursday, 01 December 2022 01:08 PM
2022-12-01 13:08:18.4230 BDU.RobotWeb.WebSession Data retreival process started, at 12/1/2022 8:08:18 AM
2022-12-01 13:08:30.6025 BDU.RobotWeb.WebHandler Started capturing data, at Thursday, 01 December 2022 01:08 PM
2022-12-01 13:10:32.7332 BDU.RobotWeb.WebHandler Entity  data scan started, at Thursday, 01 December 2022 01:10 PM
2022-12-01 13:10:32.7332 BDU.RobotWeb.WebSession Data retreival process started, at 12/1/2022 8:10:32 AM
2022-12-01 13:10:45.6376 BDU.RobotWeb.WebHandler Started capturing data, at Thursday, 01 December 2022 01:10 PM
2022-12-01 13:12:23.2047 servr.integratex.ui.frmMain System.Exception: Reservation data persist in database failed
   at BDU.Services.SQLiteDbManager.InsertSQLiteData(MappingViewModel model, Boolean force) in C:\movies\aii\BDU.Services\SQLiteDbManager.cs:line 523
   at servr.integratex.ui.frmMain.CMSLongRunningTask() in C:\movies\aii\BDM Core\frmMain.cs:line 1006
2022-12-01 13:15:27.4401 servr.integratex.ui.Login Login attempted by user using account pmsStaging@yopmail.com - at Thursday, 01 December 2022 01:15 PM
2022-12-01 13:15:28.3886 servr.integratex.ui.Login user - pmsStaging@yopmail.com, login time is Thursday, 01 December 2022 01:15 PM 
2022-12-01 13:18:24.0514 servr.integratex.ui.MappingForm Mapping save called, at Thursday, 01 December 2022 01:18 PM
2022-12-01 13:18:48.5501 servr.integratex.ui.MappingForm Mapping save & complete process started, at Thursday, 01 December 2022 01:18 PM
2022-12-01 13:18:52.1170 servr.integratex.ui.MappingForm Mapping 'save & complete' completed successfully, at Thursday, 01 December 2022 01:18 PM
2022-12-01 13:22:32.0735 servr.integratex.ui.BDULoginForm Login attempted by user using account pmsStaging@yopmail.com - at Thursday, 01 December 2022 01:22 PM
2022-12-01 13:22:35.5725 servr.integratex.ui.BDULoginForm user - pmsStaging@yopmail.com, login time is Thursday, 01 December 2022 01:22 PM 
2022-12-01 13:22:38.4397 BDU.RobotWeb.WebHandler IntegrateX Web AI engine started.., at- Thursday, 01 December 2022 01:22 PM
2022-12-01 13:22:38.4877 BDU.RobotWeb.WebHandler IX web login started running, at Thursday, 01 December 2022 01:22 PM
2022-12-01 13:22:38.4877 BDU.RobotWeb.WebSession Test run started, at 12/1/2022 8:22:38 AM
2022-12-01 13:23:09.0713 BDU.RobotWeb.WebHandler IntegrateX web login has completed successfully, at Thursday, 01 December 2022 01:23 PM
2022-12-01 13:23:09.0713 BDU.RobotWeb.WebHandler IntegrateX Web AI engine started.., at- Thursday, 01 December 2022 01:23 PM
2022-12-01 13:23:09.0881 BDU.RobotWeb.WebHandler Started capturing data, at Thursday, 01 December 2022 01:23 PM
2022-12-01 13:23:14.6093 servr.integratex.ui.frmMain IntegrateX started, at Thursday, 01 December 2022 01:23 PM
2022-12-01 13:24:04.4635 BDU.RobotWeb.WebHandler Entity  data scan started, at Thursday, 01 December 2022 01:24 PM
2022-12-01 13:24:04.4635 BDU.RobotWeb.WebSession Data retreival process started, at 12/1/2022 8:24:04 AM
2022-12-01 13:25:00.7387 BDU.RobotWeb.WebHandler Entity  data scan started, at Thursday, 01 December 2022 01:25 PM
2022-12-01 13:25:00.7387 BDU.RobotWeb.WebSession Data retreival process started, at 12/1/2022 8:25:00 AM
2022-12-01 13:25:07.0978 BDU.RobotWeb.WebSession OpenQA.Selenium.ElementNotInteractableException: element not interactable
  (Session info: chrome=107.0.5304.122)
   at OpenQA.Selenium.Remote.RemoteWebDriver.UnpackAndThrowOnError(Response errorResponse)
   at OpenQA.Selenium.Remote.RemoteWebDriver.Execute(String driverCommandToExecute, Dictionary`2 parameters)
   at OpenQA.Selenium.Remote.RemoteWebElement.Click()
   at OpenQA.Selenium.Support.Events.EventFiringWebDriver.EventFiringWebElement.Click()
   at BDU.RobotWeb.WebSession.RetrievalFormDataFromWeb(MappingViewModel fillableEntity) in C:\movies\aii\BDU.RobotWeb\WebSession.cs:line 635
2022-12-01 13:25:12.5638 BDU.RobotWeb.WebHandler OpenQA.Selenium.WebDriverException: A exception with a null response was thrown sending an HTTP request to the remote WebDriver server for URL http://localhost:55422/session/3183f657edcdc1eca32302b861a5964c/element/798e86e9-8d03-4559-b7a9-1b9c676ce6e9/name. The status of the exception was UnknownError, and the message was: Only one usage of each socket address (protocol/network address/port) is normally permitted. [::ffff:127.0.0.1]:55422 (localhost:55422)
 ---> System.Net.WebException: Only one usage of each socket address (protocol/network address/port) is normally permitted. [::ffff:127.0.0.1]:55422 (localhost:55422)
 ---> System.Net.Http.HttpRequestException: Only one usage of each socket address (protocol/network address/port) is normally permitted. [::ffff:127.0.0.1]:55422 (localhost:55422)
 ---> System.Net.Internals.SocketExceptionFactory+ExtendedSocketException (10048): Only one usage of each socket address (protocol/network address/port) is normally permitted. [::ffff:127.0.0.1]:55422
   at System.Net.Sockets.Socket.DoConnect(EndPoint endPointSnapshot, SocketAddress socketAddress)
   at System.Net.Sockets.Socket.Connect(EndPoint remoteEP)
   at System.Net.Sockets.Socket.Connect(IPAddress[] addresses, Int32 port)
--- End of stack trace from previous location ---
   at System.Net.Sockets.Socket.Connect(IPAddress[] addresses, Int32 port)
   at System.Net.Sockets.Socket.Connect(String host, Int32 port)
   at System.Net.Sockets.Socket.Connect(EndPoint remoteEP)
   at System.Net.HttpWebRequest.<>c__DisplayClass216_0.<<CreateHttpClient>b__1>d.MoveNext()
--- End of stack trace from previous location ---
   at System.Net.Http.HttpConnectionPool.ConnectToTcpHostAsync(String host, Int32 port, HttpRequestMessage initialRequest, Boolean async, CancellationToken cancellationToken)
   --- End of inner exception stack trace ---
   at System.Net.Http.HttpConnectionPool.ConnectToTcpHostAsync(String host, Int32 port, HttpRequestMessage initialRequest, Boolean async, CancellationToken cancellationToken)
   at System.Net.Http.HttpConnectionPool.ConnectAsync(HttpRequestMessage request, Boolean async, CancellationToken cancellationToken)
   at System.Net.Http.HttpConnectionPool.CreateHttp11ConnectionAsync(HttpRequestMessage request, Boolean async, CancellationToken cancellationToken)
   at System.Net.Http.HttpConnectionPool.AddHttp11ConnectionAsync(HttpRequestMessage request)
   at System.Threading.Tasks.TaskCompletionSourceWithCancellation`1.WaitWithCancellation(CancellationToken cancellationToken)
   at System.Net.Http.HttpConnectionPool.GetHttp11ConnectionAsync(HttpRequestMessage request, Boolean async, CancellationToken cancellationToken)
   at System.Net.Http.HttpConnectionPool.SendWithVersionDetectionAndRetryAsync(HttpRequestMessage request, Boolean async, Boolean doRequestAuth, CancellationToken cancellationToken)
   at System.Net.Http.HttpMessageHandlerStage.Send(HttpRequestMessage request, CancellationToken cancellationToken)
   at System.Net.Http.DiagnosticsHandler.SendAsync(HttpRequestMessage request, Boolean async, CancellationToken cancellationToken)
   at System.Net.Http.RedirectHandler.SendAsync(HttpRequestMessage request, Boolean async, CancellationToken cancellationToken)
   at System.Net.Http.HttpMessageHandlerStage.Send(HttpRequestMessage request, CancellationToken cancellationToken)
   at System.Net.Http.SocketsHttpHandler.Send(HttpRequestMessage request, CancellationToken cancellationToken)
   at System.Net.Http.HttpMessageInvoker.Send(HttpRequestMessage request, CancellationToken cancellationToken)
   at System.Net.Http.HttpClient.Send(HttpRequestMessage request, HttpCompletionOption completionOption, CancellationToken cancellationToken)
   at System.Net.HttpWebRequest.SendRequest(Boolean async)
   at System.Net.HttpWebRequest.GetResponse()
   --- End of inner exception stack trace ---
   at System.Net.HttpWebRequest.GetResponse()
   at OpenQA.Selenium.Remote.HttpCommandExecutor.MakeHttpRequest(HttpRequestInfo requestInfo)
   --- End of inner exception stack trace ---
   at OpenQA.Selenium.Remote.HttpCommandExecutor.MakeHttpRequest(HttpRequestInfo requestInfo)
   at OpenQA.Selenium.Remote.HttpCommandExecutor.Execute(Command commandToExecute)
   at OpenQA.Selenium.Remote.DriverServiceCommandExecutor.Execute(Command commandToExecute)
   at OpenQA.Selenium.Remote.RemoteWebDriver.Execute(String driverCommandToExecute, Dictionary`2 parameters)
   at OpenQA.Selenium.Remote.RemoteWebElement.get_TagName()
   at BDU.RobotWeb.WebHandler.Driver_ElementClickCaptured(Object sender, WebElementCapturedMouseEventArgs e) in C:\movies\aii\BDU.RobotWeb\WebHandler.cs:line 816
2022-12-01 13:27:54.4341 BDU.RobotWeb.WebHandler Entity  data scan started, at Thursday, 01 December 2022 01:27 PM
2022-12-01 13:27:54.4341 BDU.RobotWeb.WebSession Data retreival process started, at 12/1/2022 8:27:54 AM
2022-12-01 13:28:05.0678 BDU.RobotWeb.WebHandler Started capturing data, at Thursday, 01 December 2022 01:28 PM
2022-12-01 13:28:28.3698 BDU.RobotWeb.WebHandler OpenQA.Selenium.WebDriverException: A exception with a null response was thrown sending an HTTP request to the remote WebDriver server for URL http://localhost:55422/session/3183f657edcdc1eca32302b861a5964c/element/1bbf68a7-f83c-4955-b068-5df637c35ba8/name. The status of the exception was UnknownError, and the message was: Only one usage of each socket address (protocol/network address/port) is normally permitted. [::ffff:127.0.0.1]:55422 (localhost:55422)
 ---> System.Net.WebException: Only one usage of each socket address (protocol/network address/port) is normally permitted. [::ffff:127.0.0.1]:55422 (localhost:55422)
 ---> System.Net.Http.HttpRequestException: Only one usage of each socket address (protocol/network address/port) is normally permitted. [::ffff:127.0.0.1]:55422 (localhost:55422)
 ---> System.Net.Internals.SocketExceptionFactory+ExtendedSocketException (10048): Only one usage of each socket address (protocol/network address/port) is normally permitted. [::ffff:127.0.0.1]:55422
   at System.Net.Sockets.Socket.DoConnect(EndPoint endPointSnapshot, SocketAddress socketAddress)
   at System.Net.Sockets.Socket.Connect(EndPoint remoteEP)
   at System.Net.Sockets.Socket.Connect(IPAddress[] addresses, Int32 port)
--- End of stack trace from previous location ---
   at System.Net.Sockets.Socket.Connect(IPAddress[] addresses, Int32 port)
   at System.Net.Sockets.Socket.Connect(String host, Int32 port)
   at System.Net.Sockets.Socket.Connect(EndPoint remoteEP)
   at System.Net.HttpWebRequest.<>c__DisplayClass216_0.<<CreateHttpClient>b__1>d.MoveNext()
--- End of stack trace from previous location ---
   at System.Net.Http.HttpConnectionPool.ConnectToTcpHostAsync(String host, Int32 port, HttpRequestMessage initialRequest, Boolean async, CancellationToken cancellationToken)
   --- End of inner exception stack trace ---
   at System.Net.Http.HttpConnectionPool.ConnectToTcpHostAsync(String host, Int32 port, HttpRequestMessage initialRequest, Boolean async, CancellationToken cancellationToken)
   at System.Net.Http.HttpConnectionPool.ConnectAsync(HttpRequestMessage request, Boolean async, CancellationToken cancellationToken)
   at System.Net.Http.HttpConnectionPool.CreateHttp11ConnectionAsync(HttpRequestMessage request, Boolean async, CancellationToken cancellationToken)
   at System.Net.Http.HttpConnectionPool.AddHttp11ConnectionAsync(HttpRequestMessage request)
   at System.Threading.Tasks.TaskCompletionSourceWithCancellation`1.WaitWithCancellation(CancellationToken cancellationToken)
   at System.Net.Http.HttpConnectionPool.GetHttp11ConnectionAsync(HttpRequestMessage request, Boolean async, CancellationToken cancellationToken)
   at System.Net.Http.HttpConnectionPool.SendWithVersionDetectionAndRetryAsync(HttpRequestMessage request, Boolean async, Boolean doRequestAuth, CancellationToken cancellationToken)
   at System.Net.Http.HttpMessageHandlerStage.Send(HttpRequestMessage request, CancellationToken cancellationToken)
   at System.Net.Http.DiagnosticsHandler.SendAsync(HttpRequestMessage request, Boolean async, CancellationToken cancellationToken)
   at System.Net.Http.RedirectHandler.SendAsync(HttpRequestMessage request, Boolean async, CancellationToken cancellationToken)
   at System.Net.Http.HttpMessageHandlerStage.Send(HttpRequestMessage request, CancellationToken cancellationToken)
   at System.Net.Http.SocketsHttpHandler.Send(HttpRequestMessage request, CancellationToken cancellationToken)
   at System.Net.Http.HttpMessageInvoker.Send(HttpRequestMessage request, CancellationToken cancellationToken)
   at System.Net.Http.HttpClient.Send(HttpRequestMessage request, HttpCompletionOption completionOption, CancellationToken cancellationToken)
   at System.Net.HttpWebRequest.SendRequest(Boolean async)
   at System.Net.HttpWebRequest.GetResponse()
   --- End of inner exception stack trace ---
   at System.Net.HttpWebRequest.GetResponse()
   at OpenQA.Selenium.Remote.HttpCommandExecutor.MakeHttpRequest(HttpRequestInfo requestInfo)
   --- End of inner exception stack trace ---
   at OpenQA.Selenium.Remote.HttpCommandExecutor.MakeHttpRequest(HttpRequestInfo requestInfo)
   at OpenQA.Selenium.Remote.HttpCommandExecutor.Execute(Command commandToExecute)
   at OpenQA.Selenium.Remote.DriverServiceCommandExecutor.Execute(Command commandToExecute)
   at OpenQA.Selenium.Remote.RemoteWebDriver.Execute(String driverCommandToExecute, Dictionary`2 parameters)
   at OpenQA.Selenium.Remote.RemoteWebElement.get_TagName()
   at BDU.RobotWeb.WebHandler.Driver_ElementClickCaptured(Object sender, WebElementCapturedMouseEventArgs e) in C:\movies\aii\BDU.RobotWeb\WebHandler.cs:line 816
2022-12-01 15:17:00.7530 BDU.RobotWeb.WebHandler Integrate all data to PMS started, at Thursday, 01 December 2022 03:17 PM
2022-12-01 15:17:00.9195 BDU.RobotWeb.WebHandler IX-Failure login
2022-12-01 15:18:34.8660 servr.integratex.ui.BDULoginForm Login attempted by user using account pmsStaging@yopmail.com - at Thursday, 01 December 2022 03:18 PM
2022-12-01 15:18:38.4596 servr.integratex.ui.BDULoginForm user - pmsStaging@yopmail.com, login time is Thursday, 01 December 2022 03:18 PM 
2022-12-01 15:18:41.6841 BDU.RobotWeb.WebHandler IntegrateX Web AI engine started.., at- Thursday, 01 December 2022 03:18 PM
2022-12-01 15:18:41.7639 BDU.RobotWeb.WebHandler IX web login started running, at Thursday, 01 December 2022 03:18 PM
2022-12-01 15:18:41.7639 BDU.RobotWeb.WebSession Test run started, at 12/1/2022 10:18:41 AM
2022-12-01 15:19:04.4090 BDU.RobotWeb.WebHandler IntegrateX web login has completed successfully, at Thursday, 01 December 2022 03:19 PM
2022-12-01 15:19:04.4090 BDU.RobotWeb.WebHandler IntegrateX Web AI engine started.., at- Thursday, 01 December 2022 03:19 PM
2022-12-01 15:19:04.4303 BDU.RobotWeb.WebHandler Started capturing data, at Thursday, 01 December 2022 03:19 PM
2022-12-01 15:20:14.6115 servr.integratex.ui.BDULoginForm Login attempted by user using account pmsStaging@yopmail.com - at Thursday, 01 December 2022 03:20 PM
2022-12-01 15:20:20.1577 servr.integratex.ui.BDULoginForm user - pmsStaging@yopmail.com, login time is Thursday, 01 December 2022 03:20 PM 
2022-12-01 15:20:23.7685 BDU.RobotWeb.WebHandler IntegrateX Web AI engine started.., at- Thursday, 01 December 2022 03:20 PM
2022-12-01 15:20:23.8479 BDU.RobotWeb.WebHandler IX web login started running, at Thursday, 01 December 2022 03:20 PM
2022-12-01 15:20:23.8556 BDU.RobotWeb.WebSession Test run started, at 12/1/2022 10:20:23 AM
2022-12-01 15:21:00.0995 BDU.RobotWeb.WebHandler IntegrateX web login has completed successfully, at Thursday, 01 December 2022 03:21 PM
2022-12-01 15:21:00.1032 BDU.RobotWeb.WebHandler IntegrateX Web AI engine started.., at- Thursday, 01 December 2022 03:21 PM
2022-12-01 15:21:00.1264 BDU.RobotWeb.WebHandler Started capturing data, at Thursday, 01 December 2022 03:21 PM
2022-12-01 15:21:08.7607 servr.integratex.ui.frmMain IntegrateX started, at Thursday, 01 December 2022 03:21 PM
2022-12-01 15:22:29.5270 BDU.RobotWeb.WebHandler Entity  data scan started, at Thursday, 01 December 2022 03:22 PM
2022-12-01 15:22:29.5270 BDU.RobotWeb.WebSession Data retreival process started, at 12/1/2022 10:22:29 AM
2022-12-01 15:22:41.4213 BDU.RobotWeb.WebHandler Started capturing data, at Thursday, 01 December 2022 03:22 PM
2022-12-01 15:23:18.7495 BDU.RobotWeb.WebHandler Entity  data scan started, at Thursday, 01 December 2022 03:23 PM
2022-12-01 15:23:18.7495 BDU.RobotWeb.WebSession Data retreival process started, at 12/1/2022 10:23:18 AM
2022-12-01 15:26:01.4489 BDU.RobotWeb.WebHandler Entity  data scan started, at Thursday, 01 December 2022 03:26 PM
2022-12-01 15:26:01.4489 BDU.RobotWeb.WebSession Data retreival process started, at 12/1/2022 10:26:01 AM
2022-12-01 15:26:09.7693 BDU.RobotWeb.WebHandler Started capturing data, at Thursday, 01 December 2022 03:26 PM
2022-12-01 15:31:05.2167 BDU.RobotWeb.WebHandler Entity  data scan started, at Thursday, 01 December 2022 03:31 PM
2022-12-01 15:31:05.2167 BDU.RobotWeb.WebSession Data retreival process started, at 12/1/2022 10:31:05 AM
2022-12-01 15:31:53.6075 BDU.RobotWeb.WebHandler Entity  data scan started, at Thursday, 01 December 2022 03:31 PM
2022-12-01 15:31:53.6075 BDU.RobotWeb.WebSession Data retreival process started, at 12/1/2022 10:31:53 AM
2022-12-01 15:34:22.3668 BDU.RobotWeb.WebHandler Entity  data scan started, at Thursday, 01 December 2022 03:34 PM
2022-12-01 15:34:22.3668 BDU.RobotWeb.WebSession Data retreival process started, at 12/1/2022 10:34:22 AM
