2022-11-24 09:53:55.0226 servr.integratex.ui.BDULoginForm Login attempted by user using account pmsStaging@yopmail.com - at Thursday, 24 November 2022 09:53 AM
2022-11-24 09:53:58.1679 servr.integratex.ui.BDULoginForm user - pmsStaging@yopmail.com, login time is Thursday, 24 November 2022 09:53 AM 
2022-11-24 09:54:00.6688 BDU.RobotWeb.WebHandler IntegrateX Web AI engine started.., at- Thursday, 24 November 2022 09:54 AM
2022-11-24 09:54:00.7290 BDU.RobotWeb.WebHandler IX web login started running, at Thursday, 24 November 2022 09:54 AM
2022-11-24 09:54:00.7290 BDU.RobotWeb.WebSession Test run started, at 11/24/2022 4:54:00 AM
2022-11-24 09:54:13.7968 BDU.RobotWeb.WebHandler IntegrateX web login has completed successfully, at Thursday, 24 November 2022 09:54 AM
2022-11-24 09:54:13.7968 BDU.RobotWeb.WebHandler IntegrateX Web AI engine started.., at- Thursday, 24 November 2022 09:54 AM
2022-11-24 09:54:13.8146 BDU.RobotWeb.WebHandler Started capturing data, at Thursday, 24 November 2022 09:54 AM
2022-11-24 09:54:18.8737 servr.integratex.ui.frmMain IntegrateX started, at Thursday, 24 November 2022 09:54 AM
2022-11-24 09:57:07.6991 servr.integratex.ui.BDULoginForm Login attempted by user using account pmsStaging@yopmail.com - at Thursday, 24 November 2022 09:57 AM
2022-11-24 09:57:10.6788 servr.integratex.ui.BDULoginForm user - pmsStaging@yopmail.com, login time is Thursday, 24 November 2022 09:57 AM 
2022-11-24 09:57:14.6266 BDU.RobotWeb.WebHandler IntegrateX Web AI engine started.., at- Thursday, 24 November 2022 09:57 AM
2022-11-24 09:57:14.6828 BDU.RobotWeb.WebHandler IX web login started running, at Thursday, 24 November 2022 09:57 AM
2022-11-24 09:57:14.6828 BDU.RobotWeb.WebSession Test run started, at 11/24/2022 4:57:14 AM
2022-11-24 09:57:24.3044 BDU.RobotWeb.WebHandler IntegrateX web login has completed successfully, at Thursday, 24 November 2022 09:57 AM
2022-11-24 09:57:24.3077 BDU.RobotWeb.WebHandler IntegrateX Web AI engine started.., at- Thursday, 24 November 2022 09:57 AM
2022-11-24 09:57:24.3231 BDU.RobotWeb.WebHandler Started capturing data, at Thursday, 24 November 2022 09:57 AM
2022-11-24 09:57:29.4216 servr.integratex.ui.frmMain IntegrateX started, at Thursday, 24 November 2022 09:57 AM
2022-11-24 10:00:19.7312 servr.integratex.ui.Login Login attempted by user using account pmsStaging@yopmail.com - at Thursday, 24 November 2022 10:00 AM
2022-11-24 10:00:20.6476 servr.integratex.ui.Login user - pmsStaging@yopmail.com, login time is Thursday, 24 November 2022 10:00 AM 
2022-11-24 10:48:17.5474 servr.integratex.ui.BDULoginForm Login attempted by user using account pmsStaging@yopmail.com - at Thursday, 24 November 2022 10:48 AM
2022-11-24 10:48:21.0714 servr.integratex.ui.BDULoginForm user - pmsStaging@yopmail.com, login time is Thursday, 24 November 2022 10:48 AM 
2022-11-24 10:48:23.5161 BDU.RobotWeb.WebHandler IntegrateX Web AI engine started.., at- Thursday, 24 November 2022 10:48 AM
2022-11-24 10:48:23.5656 BDU.RobotWeb.WebHandler IX web login started running, at Thursday, 24 November 2022 10:48 AM
2022-11-24 10:48:23.5656 BDU.RobotWeb.WebSession Test run started, at 11/24/2022 5:48:23 AM
2022-11-24 10:48:44.1658 BDU.RobotWeb.WebHandler IntegrateX web login has completed successfully, at Thursday, 24 November 2022 10:48 AM
2022-11-24 10:48:44.1658 BDU.RobotWeb.WebHandler IntegrateX Web AI engine started.., at- Thursday, 24 November 2022 10:48 AM
2022-11-24 10:48:44.1830 BDU.RobotWeb.WebHandler Started capturing data, at Thursday, 24 November 2022 10:48 AM
2022-11-24 10:48:49.9406 servr.integratex.ui.frmMain IntegrateX started, at Thursday, 24 November 2022 10:48 AM
2022-11-24 10:48:59.3915 servr.integratex.ui.Login Login attempted by user using account pmsStaging@yopmail.com - at Thursday, 24 November 2022 10:48 AM
2022-11-24 10:49:01.7306 servr.integratex.ui.Login user - pmsStaging@yopmail.com, login time is Thursday, 24 November 2022 10:49 AM 
2022-11-24 11:12:23.8762 servr.integratex.ui.BDULoginForm Login attempted by user using account pmsStaging@yopmail.com - at Thursday, 24 November 2022 11:12 AM
2022-11-24 11:12:27.1319 servr.integratex.ui.BDULoginForm user - pmsStaging@yopmail.com, login time is Thursday, 24 November 2022 11:12 AM 
2022-11-24 11:12:30.8437 BDU.RobotWeb.WebHandler IntegrateX Web AI engine started.., at- Thursday, 24 November 2022 11:12 AM
2022-11-24 11:12:30.8914 BDU.RobotWeb.WebHandler IX web login started running, at Thursday, 24 November 2022 11:12 AM
2022-11-24 11:12:30.8914 BDU.RobotWeb.WebSession Test run started, at 11/24/2022 6:12:30 AM
2022-11-24 11:12:50.4508 BDU.RobotWeb.WebHandler IntegrateX web login has completed successfully, at Thursday, 24 November 2022 11:12 AM
2022-11-24 11:12:50.4508 BDU.RobotWeb.WebHandler IntegrateX Web AI engine started.., at- Thursday, 24 November 2022 11:12 AM
2022-11-24 11:12:50.4674 BDU.RobotWeb.WebHandler Started capturing data, at Thursday, 24 November 2022 11:12 AM
2022-11-24 11:12:55.2379 servr.integratex.ui.frmMain IntegrateX started, at Thursday, 24 November 2022 11:12 AM
2022-11-24 11:13:33.4225 BDU.RobotWeb.WebHandler Entity  data scan started, at Thursday, 24 November 2022 11:13 AM
2022-11-24 11:13:33.4301 BDU.RobotWeb.WebSession Data retreival process started, at 11/24/2022 6:13:33 AM
2022-11-24 11:13:46.2040 BDU.RobotWeb.WebHandler Started capturing data, at Thursday, 24 November 2022 11:13 AM
2022-11-24 11:53:11.8840 BDU.RobotWeb.WebHandler Entity  data scan started, at Thursday, 24 November 2022 11:53 AM
2022-11-24 11:53:11.8840 BDU.RobotWeb.WebSession Data retreival process started, at 11/24/2022 6:53:11 AM
2022-11-24 11:54:07.2534 BDU.RobotWeb.WebSession OpenQA.Selenium.WebDriverException: A exception with a null response was thrown sending an HTTP request to the remote WebDriver server for URL http://localhost:59091/session/f78a8084b5f03b22e40316e4c213fa06/execute/sync. The status of the exception was UnknownError, and the message was: Only one usage of each socket address (protocol/network address/port) is normally permitted. [::ffff:127.0.0.1]:59091 (localhost:59091)
 ---> System.Net.WebException: Only one usage of each socket address (protocol/network address/port) is normally permitted. [::ffff:127.0.0.1]:59091 (localhost:59091)
 ---> System.Net.Http.HttpRequestException: Only one usage of each socket address (protocol/network address/port) is normally permitted. [::ffff:127.0.0.1]:59091 (localhost:59091)
 ---> System.Net.Internals.SocketExceptionFactory+ExtendedSocketException (10048): Only one usage of each socket address (protocol/network address/port) is normally permitted. [::ffff:127.0.0.1]:59091
   at System.Net.Sockets.Socket.DoConnect(EndPoint endPointSnapshot, SocketAddress socketAddress)
   at System.Net.Sockets.Socket.Connect(EndPoint remoteEP)
   at System.Net.Sockets.Socket.Connect(IPAddress[] addresses, Int32 port)
--- End of stack trace from previous location ---
   at System.Net.Sockets.Socket.Connect(IPAddress[] addresses, Int32 port)
   at System.Net.Sockets.Socket.Connect(String host, Int32 port)
   at System.Net.Sockets.Socket.Connect(EndPoint remoteEP)
   at System.Net.HttpWebRequest.<>c__DisplayClass216_0.<<CreateHttpClient>b__1>d.MoveNext()
--- End of stack trace from previous location ---
   at System.Net.Http.HttpConnectionPool.ConnectToTcpHostAsync(String host, Int32 port, HttpRequestMessage initialRequest, Boolean async, CancellationToken cancellationToken)
   --- End of inner exception stack trace ---
   at System.Net.Http.HttpConnectionPool.ConnectToTcpHostAsync(String host, Int32 port, HttpRequestMessage initialRequest, Boolean async, CancellationToken cancellationToken)
   at System.Net.Http.HttpConnectionPool.ConnectAsync(HttpRequestMessage request, Boolean async, CancellationToken cancellationToken)
   at System.Net.Http.HttpConnectionPool.CreateHttp11ConnectionAsync(HttpRequestMessage request, Boolean async, CancellationToken cancellationToken)
   at System.Net.Http.HttpConnectionPool.AddHttp11ConnectionAsync(HttpRequestMessage request)
   at System.Threading.Tasks.TaskCompletionSourceWithCancellation`1.WaitWithCancellation(CancellationToken cancellationToken)
   at System.Net.Http.HttpConnectionPool.GetHttp11ConnectionAsync(HttpRequestMessage request, Boolean async, CancellationToken cancellationToken)
   at System.Net.Http.HttpConnectionPool.SendWithVersionDetectionAndRetryAsync(HttpRequestMessage request, Boolean async, Boolean doRequestAuth, CancellationToken cancellationToken)
   at System.Net.Http.HttpMessageHandlerStage.Send(HttpRequestMessage request, CancellationToken cancellationToken)
   at System.Net.Http.DiagnosticsHandler.SendAsync(HttpRequestMessage request, Boolean async, CancellationToken cancellationToken)
   at System.Net.Http.RedirectHandler.SendAsync(HttpRequestMessage request, Boolean async, CancellationToken cancellationToken)
   at System.Net.Http.HttpMessageHandlerStage.Send(HttpRequestMessage request, CancellationToken cancellationToken)
   at System.Net.Http.SocketsHttpHandler.Send(HttpRequestMessage request, CancellationToken cancellationToken)
   at System.Net.Http.HttpMessageInvoker.Send(HttpRequestMessage request, CancellationToken cancellationToken)
   at System.Net.Http.HttpClient.Send(HttpRequestMessage request, HttpCompletionOption completionOption, CancellationToken cancellationToken)
   at System.Net.HttpWebRequest.SendRequest(Boolean async)
   at System.Net.HttpWebRequest.GetResponse()
   --- End of inner exception stack trace ---
   at System.Net.HttpWebRequest.GetResponse()
   at OpenQA.Selenium.Remote.HttpCommandExecutor.MakeHttpRequest(HttpRequestInfo requestInfo)
   --- End of inner exception stack trace ---
   at OpenQA.Selenium.Remote.HttpCommandExecutor.MakeHttpRequest(HttpRequestInfo requestInfo)
   at OpenQA.Selenium.Remote.HttpCommandExecutor.Execute(Command commandToExecute)
   at OpenQA.Selenium.Remote.DriverServiceCommandExecutor.Execute(Command commandToExecute)
   at OpenQA.Selenium.Remote.RemoteWebDriver.Execute(String driverCommandToExecute, Dictionary`2 parameters)
   at OpenQA.Selenium.Remote.RemoteWebDriver.ExecuteScriptCommand(String script, String commandName, Object[] args)
   at OpenQA.Selenium.Support.Events.EventFiringWebDriver.ExecuteScript(String script, Object[] args)
   at BDU.RobotWeb.WebSession.<>c__DisplayClass34_0.<FindFetchWebElement>b__2(IWebDriver driver1) in C:\movies\aii\BDU.RobotWeb\WebSession.cs:line 2323
   at OpenQA.Selenium.Support.UI.DefaultWait`1.Until[TResult](Func`2 condition)
   at BDU.RobotWeb.WebSession.FindFetchWebElement(EntityFieldViewModel field) in C:\movies\aii\BDU.RobotWeb\WebSession.cs:line 2323
2022-11-24 12:57:59.6773 BDU.RobotWeb.WebHandler Entity  data scan started, at Thursday, 24 November 2022 12:57 PM
2022-11-24 12:57:59.6773 BDU.RobotWeb.WebSession Data retreival process started, at 11/24/2022 7:57:59 AM
2022-11-24 12:58:09.5904 BDU.RobotWeb.WebHandler Started capturing data, at Thursday, 24 November 2022 12:58 PM
2022-11-24 13:03:06.6473 servr.integratex.ui.BDULoginForm Login attempted by user using account pmsStaging@yopmail.com - at Thursday, 24 November 2022 01:03 PM
2022-11-24 13:03:10.1201 servr.integratex.ui.BDULoginForm user - pmsStaging@yopmail.com, login time is Thursday, 24 November 2022 01:03 PM 
2022-11-24 13:03:12.8895 BDU.RobotWeb.WebHandler IntegrateX Web AI engine started.., at- Thursday, 24 November 2022 01:03 PM
2022-11-24 13:03:12.9388 BDU.RobotWeb.WebHandler IX web login started running, at Thursday, 24 November 2022 01:03 PM
2022-11-24 13:03:12.9388 BDU.RobotWeb.WebSession Test run started, at 11/24/2022 8:03:12 AM
2022-11-24 13:03:29.3391 BDU.RobotWeb.WebHandler IntegrateX web login has completed successfully, at Thursday, 24 November 2022 01:03 PM
2022-11-24 13:03:29.3391 BDU.RobotWeb.WebHandler IntegrateX Web AI engine started.., at- Thursday, 24 November 2022 01:03 PM
2022-11-24 13:03:29.3561 BDU.RobotWeb.WebHandler Started capturing data, at Thursday, 24 November 2022 01:03 PM
2022-11-24 13:03:33.8372 servr.integratex.ui.frmMain IntegrateX started, at Thursday, 24 November 2022 01:03 PM
2022-11-24 13:04:15.6411 BDU.RobotWeb.WebHandler Entity  data scan started, at Thursday, 24 November 2022 01:04 PM
2022-11-24 13:04:15.6411 BDU.RobotWeb.WebSession Data retreival process started, at 11/24/2022 8:04:15 AM
2022-11-24 13:04:25.8893 BDU.RobotWeb.WebHandler Started capturing data, at Thursday, 24 November 2022 01:04 PM
2022-11-24 13:31:33.8619 BDU.RobotWeb.WebHandler Entity  data scan started, at Thursday, 24 November 2022 01:31 PM
2022-11-24 13:31:33.8619 BDU.RobotWeb.WebSession Data retreival process started, at 11/24/2022 8:31:33 AM
2022-11-24 15:10:53.7622 BDU.RobotWeb.WebHandler Entity  data scan started, at Thursday, 24 November 2022 03:10 PM
2022-11-24 15:10:53.7622 BDU.RobotWeb.WebSession Data retreival process started, at 11/24/2022 10:10:53 AM
