2022-12-02 11:17:40.6620 servr.integratex.ui.BDULoginForm Login attempted by user using account gm@nandinibali.com - at Friday, 02 December 2022 11:17 AM
2022-12-02 11:17:43.7261 servr.integratex.ui.BDULoginForm user - gm@nandinibali.com, login time is Friday, 02 December 2022 11:17 AM 
2022-12-02 11:17:45.4060 BDU.RobotDesktop.DesktopHandler PMS Server starting.., at Friday, 02 December 2022 11:17 AM
2022-12-02 11:17:45.4185 BDU.RobotDesktop.DesktopHandler PMS Server start process completed, at Friday, 02 December 2022 11:17 AM
2022-12-02 11:17:55.6375 BDU.RobotDesktop.DesktopHandler PMS Server starting.., at Friday, 02 December 2022 11:17 AM
2022-12-02 11:17:55.6412 BDU.RobotDesktop.DesktopHandler PMS Server start process completed, at Friday, 02 December 2022 11:17 AM
2022-12-02 11:18:02.9736 servr.integratex.ui.frmMain IntegrateX started, at Friday, 02 December 2022 11:18 AM
2022-12-02 11:18:33.7200 servr.integratex.ui.Login Login attempted by user using account gm@nandinibali.com - at Friday, 02 December 2022 11:18 AM
2022-12-02 11:18:34.7619 servr.integratex.ui.Login User gm@nandinibali.com login failed, try later or contact admin.
2022-12-02 11:18:37.9313 servr.integratex.ui.Login Login attempted by user using account gm@nandinibali.com - at Friday, 02 December 2022 11:18 AM
2022-12-02 11:18:38.8691 servr.integratex.ui.Login User gm@nandinibali.com login failed, try later or contact admin.
2022-12-02 11:21:09.7423 servr.integratex.ui.BDULoginForm Login attempted by user using account gm@nandinibali.com - at Friday, 02 December 2022 11:21 AM
2022-12-02 11:21:12.7793 servr.integratex.ui.BDULoginForm user - gm@nandinibali.com, login time is Friday, 02 December 2022 11:21 AM 
2022-12-02 11:21:13.6938 BDU.RobotDesktop.DesktopHandler PMS Server starting.., at Friday, 02 December 2022 11:21 AM
2022-12-02 11:21:13.6938 BDU.RobotDesktop.DesktopHandler PMS Server start process completed, at Friday, 02 December 2022 11:21 AM
2022-12-02 11:21:23.4846 BDU.RobotDesktop.DesktopHandler PMS Server starting.., at Friday, 02 December 2022 11:21 AM
2022-12-02 11:21:23.4846 BDU.RobotDesktop.DesktopHandler PMS Server start process completed, at Friday, 02 December 2022 11:21 AM
2022-12-02 11:21:30.5988 servr.integratex.ui.frmMain IntegrateX started, at Friday, 02 December 2022 11:21 AM
2022-12-02 11:22:02.7899 servr.integratex.ui.Login Login attempted by user using account gm@nandinibali.com - at Friday, 02 December 2022 11:22 AM
2022-12-02 11:22:03.8831 servr.integratex.ui.Login user - gm@nandinibali.com, login time is Friday, 02 December 2022 11:22 AM 
2022-12-02 12:49:55.9115 servr.integratex.ui.BDULoginForm Login attempted by user using account gm@nandinibali.com - at Friday, 02 December 2022 12:49 PM
2022-12-02 12:49:58.9723 servr.integratex.ui.BDULoginForm user - gm@nandinibali.com, login time is Friday, 02 December 2022 12:49 PM 
2022-12-02 12:50:00.1178 BDU.RobotDesktop.DesktopHandler PMS Server starting.., at Friday, 02 December 2022 12:50 PM
2022-12-02 12:50:00.1255 BDU.RobotDesktop.DesktopHandler PMS Server start process completed, at Friday, 02 December 2022 12:50 PM
2022-12-02 12:50:10.0993 BDU.RobotDesktop.DesktopHandler PMS Server starting.., at Friday, 02 December 2022 12:50 PM
2022-12-02 12:50:10.1029 BDU.RobotDesktop.DesktopHandler PMS Server start process completed, at Friday, 02 December 2022 12:50 PM
2022-12-02 12:50:16.8990 servr.integratex.ui.frmMain IntegrateX started, at Friday, 02 December 2022 12:50 PM
2022-12-02 12:50:40.3070 servr.integratex.ui.Login Login attempted by user using account gm@nandinibali.com - at Friday, 02 December 2022 12:50 PM
2022-12-02 12:50:41.2997 servr.integratex.ui.Login user - gm@nandinibali.com, login time is Friday, 02 December 2022 12:50 PM 
2022-12-02 13:56:49.5121 servr.integratex.ui.BDULoginForm Login attempted by user using account gm@nandinibali.com - at Friday, 02 December 2022 01:56 PM
2022-12-02 13:56:52.5213 servr.integratex.ui.BDULoginForm user - gm@nandinibali.com, login time is Friday, 02 December 2022 01:56 PM 
2022-12-02 13:56:53.4580 BDU.RobotDesktop.DesktopHandler PMS Server starting.., at Friday, 02 December 2022 01:56 PM
2022-12-02 13:56:53.4648 BDU.RobotDesktop.DesktopHandler PMS Server start process completed, at Friday, 02 December 2022 01:56 PM
2022-12-02 13:57:03.8249 BDU.RobotDesktop.DesktopHandler PMS Server starting.., at Friday, 02 December 2022 01:57 PM
2022-12-02 13:57:03.8249 BDU.RobotDesktop.DesktopHandler PMS Server start process completed, at Friday, 02 December 2022 01:57 PM
2022-12-02 13:57:11.0571 servr.integratex.ui.frmMain IntegrateX started, at Friday, 02 December 2022 01:57 PM
2022-12-02 13:57:29.1572 servr.integratex.ui.Login Login attempted by user using account gm@nandinibali.com - at Friday, 02 December 2022 01:57 PM
2022-12-02 13:57:30.1234 servr.integratex.ui.Login user - gm@nandinibali.com, login time is Friday, 02 December 2022 01:57 PM 
2022-12-02 14:36:16.0335 servr.integratex.ui.BDULoginForm Login attempted by user using account gm@nandinibali.com - at Friday, 02 December 2022 02:36 PM
2022-12-02 14:36:19.1504 servr.integratex.ui.BDULoginForm user - gm@nandinibali.com, login time is Friday, 02 December 2022 02:36 PM 
2022-12-02 14:36:20.0905 BDU.RobotDesktop.DesktopHandler PMS Server starting.., at Friday, 02 December 2022 02:36 PM
2022-12-02 14:36:20.0905 BDU.RobotDesktop.DesktopHandler PMS Server start process completed, at Friday, 02 December 2022 02:36 PM
2022-12-02 14:36:30.2466 BDU.RobotDesktop.DesktopHandler PMS Server starting.., at Friday, 02 December 2022 02:36 PM
2022-12-02 14:36:30.2466 BDU.RobotDesktop.DesktopHandler PMS Server start process completed, at Friday, 02 December 2022 02:36 PM
2022-12-02 14:36:37.4869 servr.integratex.ui.frmMain IntegrateX started, at Friday, 02 December 2022 02:36 PM
2022-12-02 14:36:47.1879 servr.integratex.ui.Login Login attempted by user using account gm@nandinibali.com - at Friday, 02 December 2022 02:36 PM
2022-12-02 14:36:48.2376 servr.integratex.ui.Login user - gm@nandinibali.com, login time is Friday, 02 December 2022 02:36 PM 
2022-12-02 14:56:54.0137 servr.integratex.ui.BDULoginForm Login attempted by user using account gm@nandinibali.com - at Friday, 02 December 2022 02:56 PM
2022-12-02 14:59:11.7142 servr.integratex.ui.BDULoginForm user - gm@nandinibali.com, login time is Friday, 02 December 2022 02:59 PM 
2022-12-02 15:01:37.6609 BDU.RobotDesktop.DesktopHandler PMS Server starting.., at Friday, 02 December 2022 03:01 PM
2022-12-02 15:01:37.6727 BDU.RobotDesktop.DesktopHandler PMS Server start process completed, at Friday, 02 December 2022 03:01 PM
2022-12-02 15:02:10.6658 BDU.RobotDesktop.DesktopHandler PMS Server starting.., at Friday, 02 December 2022 03:02 PM
2022-12-02 15:02:10.6658 BDU.RobotDesktop.DesktopHandler PMS Server start process completed, at Friday, 02 December 2022 03:02 PM
2022-12-02 15:02:23.1429 servr.integratex.ui.frmMain IntegrateX started, at Friday, 02 December 2022 03:02 PM
2022-12-02 15:02:46.7016 servr.integratex.ui.Login Login attempted by user using account gm@nandinibali.com - at Friday, 02 December 2022 03:02 PM
2022-12-02 15:02:47.6528 servr.integratex.ui.Login user - gm@nandinibali.com, login time is Friday, 02 December 2022 03:02 PM 
2022-12-02 15:03:58.4879 servr.integratex.ui.BDULoginForm System.Net.Http.HttpRequestException: The SSL connection could not be established, see inner exception.
 ---> System.Security.Authentication.AuthenticationException: The remote certificate is invalid according to the validation procedure: RemoteCertificateNameMismatch
   at System.Net.Security.SslStream.SendAuthResetSignal(ProtocolToken message, ExceptionDispatchInfo exception)
   at System.Net.Security.SslStream.CompleteHandshake(SslAuthenticationOptions sslAuthenticationOptions)
   at System.Net.Security.SslStream.ForceAuthenticationAsync[TIOAdapter](TIOAdapter adapter, Boolean receiveFirst, Byte[] reAuthenticationData, Boolean isApm)
   at System.Net.Http.ConnectHelper.EstablishSslConnectionAsync(SslClientAuthenticationOptions sslOptions, HttpRequestMessage request, Boolean async, Stream stream, CancellationToken cancellationToken)
   --- End of inner exception stack trace ---
   at BDU.Services.BDUService.loadLogMailSettings(String email, String password) in C:\movies\aii\BDU.Services\BDUService.cs:line 405
   at servr.integratex.ui.BDULoginForm.BDULoginForm_Load(Object sender, EventArgs e) in C:\movies\aii\BDM Core\BDULoginForm.cs:line 205
2022-12-02 15:04:30.5332 servr.integratex.ui.BDULoginForm System.Net.Http.HttpRequestException: The SSL connection could not be established, see inner exception.
 ---> System.Security.Authentication.AuthenticationException: The remote certificate is invalid according to the validation procedure: RemoteCertificateNameMismatch
   at System.Net.Security.SslStream.SendAuthResetSignal(ProtocolToken message, ExceptionDispatchInfo exception)
   at System.Net.Security.SslStream.CompleteHandshake(SslAuthenticationOptions sslAuthenticationOptions)
   at System.Net.Security.SslStream.ForceAuthenticationAsync[TIOAdapter](TIOAdapter adapter, Boolean receiveFirst, Byte[] reAuthenticationData, Boolean isApm)
   at System.Net.Http.ConnectHelper.EstablishSslConnectionAsync(SslClientAuthenticationOptions sslOptions, HttpRequestMessage request, Boolean async, Stream stream, CancellationToken cancellationToken)
   --- End of inner exception stack trace ---
   at BDU.Services.BDUService.saveAppLog(List`1 logls, Int32 hotel_id) in C:\movies\aii\BDU.Services\BDUService.cs:line 1119
   at servr.integratex.ui.BDULoginForm.btnLogin_Click(Object sender, EventArgs e) in C:\movies\aii\BDM Core\BDULoginForm.cs:line 58
2022-12-02 15:04:40.3294 servr.integratex.ui.BDULoginForm System.Net.Http.HttpRequestException: The SSL connection could not be established, see inner exception.
 ---> System.Security.Authentication.AuthenticationException: The remote certificate is invalid according to the validation procedure: RemoteCertificateNameMismatch
   at System.Net.Security.SslStream.SendAuthResetSignal(ProtocolToken message, ExceptionDispatchInfo exception)
   at System.Net.Security.SslStream.CompleteHandshake(SslAuthenticationOptions sslAuthenticationOptions)
   at System.Net.Security.SslStream.ForceAuthenticationAsync[TIOAdapter](TIOAdapter adapter, Boolean receiveFirst, Byte[] reAuthenticationData, Boolean isApm)
   at System.Net.Http.ConnectHelper.EstablishSslConnectionAsync(SslClientAuthenticationOptions sslOptions, HttpRequestMessage request, Boolean async, Stream stream, CancellationToken cancellationToken)
   --- End of inner exception stack trace ---
   at BDU.Services.BDUService.saveAppLog(List`1 logls, Int32 hotel_id) in C:\movies\aii\BDU.Services\BDUService.cs:line 1119
   at servr.integratex.ui.BDULoginForm.btnLogin_Click(Object sender, EventArgs e) in C:\movies\aii\BDM Core\BDULoginForm.cs:line 58
2022-12-02 15:05:11.9045 servr.integratex.ui.BDULoginForm Login attempted by user using account gm@nandinibali.com - at Friday, 02 December 2022 03:05 PM
2022-12-02 15:05:19.7327 servr.integratex.ui.BDULoginForm user - gm@nandinibali.com, login time is Friday, 02 December 2022 03:05 PM 
2022-12-02 15:05:20.6773 BDU.RobotDesktop.DesktopHandler PMS Server starting.., at Friday, 02 December 2022 03:05 PM
2022-12-02 15:05:20.6840 BDU.RobotDesktop.DesktopHandler PMS Server start process completed, at Friday, 02 December 2022 03:05 PM
2022-12-02 15:05:31.5911 BDU.RobotDesktop.DesktopHandler PMS Server starting.., at Friday, 02 December 2022 03:05 PM
2022-12-02 15:05:31.5911 BDU.RobotDesktop.DesktopHandler PMS Server start process completed, at Friday, 02 December 2022 03:05 PM
2022-12-02 15:05:40.7673 servr.integratex.ui.frmMain IntegrateX started, at Friday, 02 December 2022 03:05 PM
2022-12-02 15:05:49.6814 servr.integratex.ui.Login Login attempted by user using account gm@nandinibali.com - at Friday, 02 December 2022 03:05 PM
2022-12-02 15:05:50.6431 servr.integratex.ui.Login user - gm@nandinibali.com, login time is Friday, 02 December 2022 03:05 PM 
2022-12-02 16:05:37.4801 servr.integratex.ui.BDULoginForm Login attempted by user using account gm@nandinibali.com - at Friday, 02 December 2022 04:05 PM
2022-12-02 16:12:32.1346 servr.integratex.ui.BDULoginForm user - gm@nandinibali.com, login time is Friday, 02 December 2022 04:12 PM 
2022-12-02 16:12:33.3501 BDU.RobotDesktop.DesktopHandler PMS Server starting.., at Friday, 02 December 2022 04:12 PM
2022-12-02 16:12:33.3501 BDU.RobotDesktop.DesktopHandler PMS Server start process completed, at Friday, 02 December 2022 04:12 PM
2022-12-02 16:12:44.1277 BDU.RobotDesktop.DesktopHandler PMS Server starting.., at Friday, 02 December 2022 04:12 PM
2022-12-02 16:12:44.1315 BDU.RobotDesktop.DesktopHandler PMS Server start process completed, at Friday, 02 December 2022 04:12 PM
2022-12-02 16:12:51.2560 servr.integratex.ui.frmMain IntegrateX started, at Friday, 02 December 2022 04:12 PM
2022-12-02 16:28:52.9401 servr.integratex.ui.Login Login attempted by user using account gm@nandinibali.com - at Friday, 02 December 2022 04:28 PM
2022-12-02 16:33:28.9629 servr.integratex.ui.Login User gm@nandinibali.com login failed, try later or contact admin.
2022-12-02 16:43:59.1342 servr.integratex.ui.BDULoginForm Login attempted by user using account gm@nandinibali.com - at Friday, 02 December 2022 04:43 PM
2022-12-02 16:44:02.1566 servr.integratex.ui.BDULoginForm user - gm@nandinibali.com, login time is Friday, 02 December 2022 04:44 PM 
2022-12-02 16:44:03.7558 BDU.RobotDesktop.DesktopHandler PMS Server starting.., at Friday, 02 December 2022 04:44 PM
2022-12-02 16:44:03.7558 BDU.RobotDesktop.DesktopHandler PMS Server start process completed, at Friday, 02 December 2022 04:44 PM
2022-12-02 16:44:15.2572 BDU.RobotDesktop.DesktopHandler PMS Server starting.., at Friday, 02 December 2022 04:44 PM
2022-12-02 16:44:15.2605 BDU.RobotDesktop.DesktopHandler PMS Server start process completed, at Friday, 02 December 2022 04:44 PM
2022-12-02 16:44:21.7348 servr.integratex.ui.frmMain IntegrateX started, at Friday, 02 December 2022 04:44 PM
2022-12-02 16:44:59.7649 servr.integratex.ui.Login Login attempted by user using account gm@nandinibali.com - at Friday, 02 December 2022 04:44 PM
2022-12-02 16:45:00.6856 servr.integratex.ui.Login user - gm@nandinibali.com, login time is Friday, 02 December 2022 04:45 PM 
