2023-02-16 17:56:05.1355 servr.integratex.ui.BDULoginForm Login attempted by user using account noman.sinup@gmail.com - at Thursday, 16 February 2023 05:56 PM
2023-02-16 17:56:09.0223 servr.integratex.ui.BDULoginForm user - noman.sinup@gmail.com, login time is Thursday, 16 February 2023 05:56 PM 
2023-02-16 17:56:10.2161 BDU.RobotDesktop.DesktopHandler PMS Server starting.., at Thursday, 16 February 2023 05:56 PM
2023-02-16 17:56:10.2161 BDU.RobotDesktop.DesktopHandler PMS Server start process completed, at Thursday, 16 February 2023 05:56 PM
2023-02-16 17:56:20.5556 BDU.RobotDesktop.DesktopHandler PMS Server starting.., at Thursday, 16 February 2023 05:56 PM
2023-02-16 17:56:20.5595 BDU.RobotDesktop.DesktopHandler PMS Server start process completed, at Thursday, 16 February 2023 05:56 PM
2023-02-16 17:57:25.4174 servr.integratex.ui.BDULoginForm Login attempted by user using account noman.sinup@gmail.com - at Thursday, 16 February 2023 05:57 PM
2023-02-16 17:57:28.9433 servr.integratex.ui.BDULoginForm user - noman.sinup@gmail.com, login time is Thursday, 16 February 2023 05:57 PM 
2023-02-16 17:57:30.1401 BDU.RobotDesktop.DesktopHandler PMS Server starting.., at Thursday, 16 February 2023 05:57 PM
2023-02-16 17:57:30.1401 BDU.RobotDesktop.DesktopHandler PMS Server start process completed, at Thursday, 16 February 2023 05:57 PM
2023-02-16 17:57:40.4105 BDU.RobotDesktop.DesktopHandler PMS Server starting.., at Thursday, 16 February 2023 05:57 PM
2023-02-16 17:57:40.4105 BDU.RobotDesktop.DesktopHandler PMS Server start process completed, at Thursday, 16 February 2023 05:57 PM
2023-02-16 17:57:59.0198 servr.integratex.ui.frmMain IntegrateX started, at Thursday, 16 February 2023 05:57 PM
2023-02-16 17:59:20.2424 BDU.RobotDesktop.DesktopHandler Reservation found & reservation data scan started, at Thursday, 16 February 2023 05:59 PM
2023-02-16 17:59:20.2522 BDU.RobotDesktop.DesktopHandler Data retreival process started, at 2/16/2023 5:59:20 PM
2023-02-16 18:00:06.6686 BDU.RobotDesktop.DesktopHandler Data retreival from form scan finished and data sent to IntegrateX, at Thursday, 16 February 2023 06:00 PM
2023-02-16 18:00:31.0757 BDU.RobotDesktop.DesktopHandler Reservation found & reservation data scan started, at Thursday, 16 February 2023 06:00 PM
2023-02-16 18:00:31.0757 BDU.RobotDesktop.DesktopHandler Data retreival process started, at 2/16/2023 6:00:31 PM
2023-02-16 18:01:15.4655 BDU.RobotDesktop.DesktopHandler Data retreival from form scan finished and data sent to IntegrateX, at Thursday, 16 February 2023 06:01 PM
2023-02-16 18:05:15.6455 servr.integratex.ui.BDULoginForm Login attempted by user using account noman.sinup@gmail.com - at Thursday, 16 February 2023 06:05 PM
2023-02-16 18:05:19.4331 servr.integratex.ui.BDULoginForm user - noman.sinup@gmail.com, login time is Thursday, 16 February 2023 06:05 PM 
2023-02-16 18:05:21.3873 BDU.RobotDesktop.DesktopHandler PMS Server starting.., at Thursday, 16 February 2023 06:05 PM
2023-02-16 18:05:21.4297 BDU.RobotDesktop.DesktopHandler PMS Server start process completed, at Thursday, 16 February 2023 06:05 PM
2023-02-16 18:05:31.0310 BDU.RobotDesktop.DesktopHandler PMS Server starting.., at Thursday, 16 February 2023 06:05 PM
2023-02-16 18:05:31.0310 BDU.RobotDesktop.DesktopHandler PMS Server start process completed, at Thursday, 16 February 2023 06:05 PM
2023-02-16 18:06:00.0943 servr.integratex.ui.frmMain IntegrateX started, at Thursday, 16 February 2023 06:06 PM
2023-02-16 18:07:47.2094 BDU.RobotDesktop.DesktopHandler Reservation found & reservation data scan started, at Thursday, 16 February 2023 06:07 PM
2023-02-16 18:07:47.2203 BDU.RobotDesktop.DesktopHandler Data retreival process started, at 2/16/2023 6:07:47 PM
2023-02-16 18:08:32.4744 BDU.RobotDesktop.DesktopHandler Data retreival from form scan finished and data sent to IntegrateX, at Thursday, 16 February 2023 06:08 PM
2023-02-16 18:09:43.4685 servr.integratex.ui.BDULoginForm Login attempted by user using account noman.sinup@gmail.com - at Thursday, 16 February 2023 06:09 PM
2023-02-16 18:09:48.0500 servr.integratex.ui.BDULoginForm user - noman.sinup@gmail.com, login time is Thursday, 16 February 2023 06:09 PM 
2023-02-16 18:09:49.1755 BDU.RobotDesktop.DesktopHandler PMS Server starting.., at Thursday, 16 February 2023 06:09 PM
2023-02-16 18:09:49.1824 BDU.RobotDesktop.DesktopHandler PMS Server start process completed, at Thursday, 16 February 2023 06:09 PM
2023-02-16 18:09:59.4602 BDU.RobotDesktop.DesktopHandler PMS Server starting.., at Thursday, 16 February 2023 06:09 PM
2023-02-16 18:09:59.4640 BDU.RobotDesktop.DesktopHandler PMS Server start process completed, at Thursday, 16 February 2023 06:09 PM
2023-02-16 18:11:31.3611 servr.integratex.ui.frmMain IntegrateX started, at Thursday, 16 February 2023 06:11 PM
2023-02-16 18:11:34.7110 BDU.RobotDesktop.DesktopHandler Reservation found & reservation data scan started, at Thursday, 16 February 2023 06:11 PM
2023-02-16 18:11:34.7214 BDU.RobotDesktop.DesktopHandler Data retreival process started, at 2/16/2023 6:11:34 PM
2023-02-16 18:13:59.9132 BDU.RobotDesktop.DesktopHandler Data retreival from form scan finished and data sent to IntegrateX, at Thursday, 16 February 2023 06:13 PM
2023-02-16 18:38:11.9403 BDU.RobotDesktop.DesktopHandler Reservation found & reservation data scan started, at Thursday, 16 February 2023 06:38 PM
2023-02-16 18:38:11.9403 BDU.RobotDesktop.DesktopHandler Data retreival process started, at 2/16/2023 6:38:11 PM
2023-02-16 18:40:14.1310 BDU.RobotDesktop.DesktopHandler Data retreival from form scan finished and data sent to IntegrateX, at Thursday, 16 February 2023 06:40 PM
2023-02-16 18:41:06.7194 BDU.RobotDesktop.DesktopHandler Reservation found & reservation data scan started, at Thursday, 16 February 2023 06:41 PM
2023-02-16 18:49:42.1820 servr.integratex.ui.BDULoginForm Login attempted by user using account noman.signup@gmail.com - at Thursday, 16 February 2023 06:49 PM
2023-02-16 18:49:43.3395 servr.integratex.ui.BDULoginForm User noman.signup@gmail.com login failed, try later or contact admin.
2023-02-16 18:51:19.5521 servr.integratex.ui.BDULoginForm Login attempted by user using account noman.sinup@gmail.com - at Thursday, 16 February 2023 06:51 PM
2023-02-16 18:51:23.2871 servr.integratex.ui.BDULoginForm user - noman.sinup@gmail.com, login time is Thursday, 16 February 2023 06:51 PM 
2023-02-16 18:51:24.4160 BDU.RobotDesktop.DesktopHandler PMS Server starting.., at Thursday, 16 February 2023 06:51 PM
2023-02-16 18:51:24.4160 BDU.RobotDesktop.DesktopHandler PMS Server start process completed, at Thursday, 16 February 2023 06:51 PM
2023-02-16 18:51:37.0974 BDU.RobotDesktop.DesktopHandler PMS Server starting.., at Thursday, 16 February 2023 06:51 PM
2023-02-16 18:51:37.0974 BDU.RobotDesktop.DesktopHandler PMS Server start process completed, at Thursday, 16 February 2023 06:51 PM
2023-02-16 18:52:54.7931 servr.integratex.ui.BDULoginForm Login attempted by user using account noman.sinup@gmail.com - at Thursday, 16 February 2023 06:52 PM
2023-02-16 18:52:58.6346 servr.integratex.ui.BDULoginForm user - noman.sinup@gmail.com, login time is Thursday, 16 February 2023 06:52 PM 
2023-02-16 18:52:59.7270 BDU.RobotDesktop.DesktopHandler PMS Server starting.., at Thursday, 16 February 2023 06:52 PM
2023-02-16 18:52:59.7347 BDU.RobotDesktop.DesktopHandler PMS Server start process completed, at Thursday, 16 February 2023 06:52 PM
2023-02-16 18:53:12.0214 BDU.RobotDesktop.DesktopHandler PMS Server starting.., at Thursday, 16 February 2023 06:53 PM
2023-02-16 18:53:12.0214 BDU.RobotDesktop.DesktopHandler PMS Server start process completed, at Thursday, 16 February 2023 06:53 PM
2023-02-16 18:53:21.0187 servr.integratex.ui.frmMain IntegrateX started, at Thursday, 16 February 2023 06:53 PM
