2023-02-14 13:56:03.4211 servr.integratex.ui.BDULoginForm Login attempted by user using account gm@nandinibali.com - at Tuesday, 14 February 2023 01:56 PM
2023-02-14 13:56:06.5592 servr.integratex.ui.BDULoginForm user - gm@nandinibali.com, login time is Tuesday, 14 February 2023 01:56 PM 
2023-02-14 13:56:08.4370 BDU.RobotDesktop.DesktopHandler PMS Server starting.., at Tuesday, 14 February 2023 01:56 PM
2023-02-14 13:56:08.4840 BDU.RobotDesktop.DesktopHandler PMS Server start process completed, at Tuesday, 14 February 2023 01:56 PM
2023-02-14 13:56:18.7917 BDU.RobotDesktop.DesktopHandler PMS Server starting.., at Tuesday, 14 February 2023 01:56 PM
2023-02-14 13:56:18.7917 BDU.RobotDesktop.DesktopHandler PMS Server start process completed, at Tuesday, 14 February 2023 01:56 PM
2023-02-14 13:56:27.6362 servr.integratex.ui.frmMain IntegrateX started, at Tuesday, 14 February 2023 01:56 PM
2023-02-14 15:04:39.0773 servr.integratex.ui.BDULoginForm Login attempted by user using account gm@nandinibali.com - at Tuesday, 14 February 2023 03:04 PM
2023-02-14 15:04:42.1791 servr.integratex.ui.BDULoginForm user - gm@nandinibali.com, login time is Tuesday, 14 February 2023 03:04 PM 
2023-02-14 15:04:43.9609 BDU.RobotDesktop.DesktopHandler PMS Server starting.., at Tuesday, 14 February 2023 03:04 PM
2023-02-14 15:04:44.0017 BDU.RobotDesktop.DesktopHandler PMS Server start process completed, at Tuesday, 14 February 2023 03:04 PM
2023-02-14 15:04:52.3043 BDU.RobotDesktop.DesktopHandler PMS Server starting.., at Tuesday, 14 February 2023 03:04 PM
2023-02-14 15:04:52.3084 BDU.RobotDesktop.DesktopHandler PMS Server start process completed, at Tuesday, 14 February 2023 03:04 PM
2023-02-14 15:04:59.9504 servr.integratex.ui.frmMain IntegrateX started, at Tuesday, 14 February 2023 03:04 PM
2023-02-14 15:12:43.3871 BDU.RobotDesktop.DesktopHandler Reservation found & reservation data scan started, at Tuesday, 14 February 2023 03:12 PM
2023-02-14 15:12:43.3871 BDU.RobotDesktop.DesktopHandler Data retreival process started, at 2/14/2023 3:12:43 PM
2023-02-14 15:13:18.9450 BDU.RobotDesktop.DesktopHandler Data retreival from form scan finished and data sent to IntegrateX, at Tuesday, 14 February 2023 03:13 PM
2023-02-14 15:17:46.0367 BDU.RobotDesktop.DesktopHandler OpenQA.Selenium.WebDriverTimeoutException: Timed out after 5 seconds
   at OpenQA.Selenium.Support.UI.DefaultWait`1.ThrowTimeoutException(String exceptionMessage, Exception lastException)
   at OpenQA.Selenium.Support.UI.DefaultWait`1.Until[TResult](Func`2 condition)
   at BDU.RobotDesktop.DesktopHandler.FindAndCachedElementWithFill(AppiumWebElement root, EntityFieldViewModel field, FormViewModel form, Boolean needFill) in D:\IX\aii\RobotAutoApp\BDU.RobotDesktop\DesktopHandler.cs:line 1515
2023-02-14 15:17:48.0367 BDU.RobotDesktop.DesktopHandler OpenQA.Selenium.WebDriverException: An element could not be located on the page using the given search parameters.
   at OpenQA.Selenium.Remote.RemoteWebDriver.UnpackAndThrowOnError(Response errorResponse)
   at OpenQA.Selenium.Remote.RemoteWebDriver.Execute(String driverCommandToExecute, Dictionary`2 parameters)
   at OpenQA.Selenium.Remote.RemoteWebElement.FindElement(String mechanism, String value)
   at OpenQA.Selenium.Remote.RemoteWebElement.FindElementByXPath(String xpath)
   at OpenQA.Selenium.By.<>c__DisplayClass19_0.<XPath>b__0(ISearchContext context)
   at OpenQA.Selenium.By.FindElement(ISearchContext context)
   at OpenQA.Selenium.Remote.RemoteWebElement.FindElement(By by)
   at OpenQA.Selenium.Appium.AppiumWebElement.FindElement(By by)
   at BDU.RobotDesktop.DesktopHandler.FindAndCachedElementWithFill(AppiumWebElement root, EntityFieldViewModel field, FormViewModel form, Boolean needFill) in D:\IX\aii\RobotAutoApp\BDU.RobotDesktop\DesktopHandler.cs:line 1434
2023-02-14 15:17:49.8987 BDU.RobotDesktop.DesktopHandler OpenQA.Selenium.WebDriverException: An element could not be located on the page using the given search parameters.
   at OpenQA.Selenium.Remote.RemoteWebDriver.UnpackAndThrowOnError(Response errorResponse)
   at OpenQA.Selenium.Remote.RemoteWebDriver.Execute(String driverCommandToExecute, Dictionary`2 parameters)
   at OpenQA.Selenium.Remote.RemoteWebElement.FindElement(String mechanism, String value)
   at OpenQA.Selenium.Remote.RemoteWebElement.FindElementByXPath(String xpath)
   at OpenQA.Selenium.By.<>c__DisplayClass19_0.<XPath>b__0(ISearchContext context)
   at OpenQA.Selenium.By.FindElement(ISearchContext context)
   at OpenQA.Selenium.Remote.RemoteWebElement.FindElement(By by)
   at OpenQA.Selenium.Appium.AppiumWebElement.FindElement(By by)
   at BDU.RobotDesktop.DesktopHandler.FindAndCachedElementWithFill(AppiumWebElement root, EntityFieldViewModel field, FormViewModel form, Boolean needFill) in D:\IX\aii\RobotAutoApp\BDU.RobotDesktop\DesktopHandler.cs:line 1434
2023-02-14 15:17:51.7505 BDU.RobotDesktop.DesktopHandler OpenQA.Selenium.WebDriverException: An element could not be located on the page using the given search parameters.
   at OpenQA.Selenium.Remote.RemoteWebDriver.UnpackAndThrowOnError(Response errorResponse)
   at OpenQA.Selenium.Remote.RemoteWebDriver.Execute(String driverCommandToExecute, Dictionary`2 parameters)
   at OpenQA.Selenium.Remote.RemoteWebElement.FindElement(String mechanism, String value)
   at OpenQA.Selenium.Remote.RemoteWebElement.FindElementByXPath(String xpath)
   at OpenQA.Selenium.By.<>c__DisplayClass19_0.<XPath>b__0(ISearchContext context)
   at OpenQA.Selenium.By.FindElement(ISearchContext context)
   at OpenQA.Selenium.Remote.RemoteWebElement.FindElement(By by)
   at OpenQA.Selenium.Appium.AppiumWebElement.FindElement(By by)
   at BDU.RobotDesktop.DesktopHandler.FindAndCachedElementWithFill(AppiumWebElement root, EntityFieldViewModel field, FormViewModel form, Boolean needFill) in D:\IX\aii\RobotAutoApp\BDU.RobotDesktop\DesktopHandler.cs:line 1434
2023-02-14 15:18:05.8621 BDU.RobotDesktop.DesktopHandler OpenQA.Selenium.WebDriverTimeoutException: Timed out after 12 seconds
   at OpenQA.Selenium.Support.UI.DefaultWait`1.ThrowTimeoutException(String exceptionMessage, Exception lastException)
   at OpenQA.Selenium.Support.UI.DefaultWait`1.Until[TResult](Func`2 condition)
   at BDU.RobotDesktop.DesktopHandler.FindAndCachedElementWithFill(AppiumWebElement root, EntityFieldViewModel field, FormViewModel form, Boolean needFill) in D:\IX\aii\RobotAutoApp\BDU.RobotDesktop\DesktopHandler.cs:line 1552
2023-02-14 15:23:34.4633 BDU.RobotDesktop.DesktopHandler Reservation found & reservation data scan started, at Tuesday, 14 February 2023 03:23 PM
2023-02-14 15:23:34.4646 BDU.RobotDesktop.DesktopHandler Data retreival process started, at 2/14/2023 3:23:34 PM
2023-02-14 15:24:09.7669 BDU.RobotDesktop.DesktopHandler Data retreival from form scan finished and data sent to IntegrateX, at Tuesday, 14 February 2023 03:24 PM
2023-02-14 15:32:37.5580 servr.integratex.ui.BDULoginForm Login attempted by user using account gm@nandinibali.com - at Tuesday, 14 February 2023 03:32 PM
2023-02-14 15:32:40.6637 servr.integratex.ui.BDULoginForm user - gm@nandinibali.com, login time is Tuesday, 14 February 2023 03:32 PM 
2023-02-14 15:32:41.6461 BDU.RobotDesktop.DesktopHandler PMS Server starting.., at Tuesday, 14 February 2023 03:32 PM
2023-02-14 15:32:41.6571 BDU.RobotDesktop.DesktopHandler PMS Server start process completed, at Tuesday, 14 February 2023 03:32 PM
2023-02-14 15:32:51.7614 BDU.RobotDesktop.DesktopHandler PMS Server starting.., at Tuesday, 14 February 2023 03:32 PM
2023-02-14 15:32:51.7614 BDU.RobotDesktop.DesktopHandler PMS Server start process completed, at Tuesday, 14 February 2023 03:32 PM
2023-02-14 15:32:58.8445 servr.integratex.ui.frmMain IntegrateX started, at Tuesday, 14 February 2023 03:32 PM
2023-02-14 15:33:56.9913 BDU.RobotDesktop.DesktopHandler Reservation found & reservation data scan started, at Tuesday, 14 February 2023 03:33 PM
2023-02-14 15:33:56.9995 BDU.RobotDesktop.DesktopHandler Data retreival process started, at 2/14/2023 3:33:56 PM
2023-02-14 15:34:35.9590 BDU.RobotDesktop.DesktopHandler Data retreival from form scan finished and data sent to IntegrateX, at Tuesday, 14 February 2023 03:34 PM
2023-02-14 15:37:07.5353 BDU.RobotDesktop.DesktopHandler System.InvalidOperationException: The specified element ID is either null or the empty string.
   at OpenQA.Selenium.Remote.RemoteWebElementFactory.GetElementId(Dictionary`2 elementDictionary)
   at OpenQA.Selenium.Appium.CachedElementFactory`1.CreateElement(Dictionary`2 elementDictionary)
   at OpenQA.Selenium.Remote.RemoteWebDriver.GetElementsFromResponse(Response response)
   at OpenQA.Selenium.Appium.AppiumWebElement.OpenQA.Selenium.Internal.IFindsByName.FindElementsByName(String name)
   at OpenQA.Selenium.By.<>c__DisplayClass18_0.<Name>b__1(ISearchContext context)
   at OpenQA.Selenium.By.FindElements(ISearchContext context)
   at OpenQA.Selenium.Remote.RemoteWebElement.FindElements(By by)
   at OpenQA.Selenium.Appium.AppiumWebElement.FindElements(By by)
   at BDU.RobotDesktop.DesktopHandler.FindAndCachedElementWithFill(AppiumWebElement root, EntityFieldViewModel field, FormViewModel form, Boolean needFill) in D:\IX\aii\RobotAutoApp\BDU.RobotDesktop\DesktopHandler.cs:line 1421
2023-02-14 15:38:49.5369 BDU.RobotDesktop.DesktopHandler OpenQA.Selenium.WebDriverException: An element could not be located on the page using the given search parameters.
   at OpenQA.Selenium.Remote.RemoteWebDriver.UnpackAndThrowOnError(Response errorResponse)
   at OpenQA.Selenium.Remote.RemoteWebDriver.Execute(String driverCommandToExecute, Dictionary`2 parameters)
   at OpenQA.Selenium.Remote.RemoteWebElement.FindElement(String mechanism, String value)
   at OpenQA.Selenium.Remote.RemoteWebElement.FindElementByXPath(String xpath)
   at OpenQA.Selenium.By.<>c__DisplayClass19_0.<XPath>b__0(ISearchContext context)
   at OpenQA.Selenium.By.FindElement(ISearchContext context)
   at OpenQA.Selenium.Remote.RemoteWebElement.FindElement(By by)
   at OpenQA.Selenium.Appium.AppiumWebElement.FindElement(By by)
   at BDU.RobotDesktop.DesktopHandler.FindAndCachedElementWithFill(AppiumWebElement root, EntityFieldViewModel field, FormViewModel form, Boolean needFill) in D:\IX\aii\RobotAutoApp\BDU.RobotDesktop\DesktopHandler.cs:line 1434
2023-02-14 15:38:51.5404 BDU.RobotDesktop.DesktopHandler OpenQA.Selenium.WebDriverException: An element could not be located on the page using the given search parameters.
   at OpenQA.Selenium.Remote.RemoteWebDriver.UnpackAndThrowOnError(Response errorResponse)
   at OpenQA.Selenium.Remote.RemoteWebDriver.Execute(String driverCommandToExecute, Dictionary`2 parameters)
   at OpenQA.Selenium.Remote.RemoteWebElement.FindElement(String mechanism, String value)
   at OpenQA.Selenium.Remote.RemoteWebElement.FindElementByXPath(String xpath)
   at OpenQA.Selenium.By.<>c__DisplayClass19_0.<XPath>b__0(ISearchContext context)
   at OpenQA.Selenium.By.FindElement(ISearchContext context)
   at OpenQA.Selenium.Remote.RemoteWebElement.FindElement(By by)
   at OpenQA.Selenium.Appium.AppiumWebElement.FindElement(By by)
   at BDU.RobotDesktop.DesktopHandler.FindAndCachedElementWithFill(AppiumWebElement root, EntityFieldViewModel field, FormViewModel form, Boolean needFill) in D:\IX\aii\RobotAutoApp\BDU.RobotDesktop\DesktopHandler.cs:line 1434
2023-02-14 17:32:14.4211 servr.integratex.ui.BDULoginForm Login attempted by user using account noman.sinup@gmail.com - at Tuesday, 14 February 2023 05:32 PM
2023-02-14 17:32:18.1972 servr.integratex.ui.BDULoginForm user - noman.sinup@gmail.com, login time is Tuesday, 14 February 2023 05:32 PM 
2023-02-14 17:32:20.0079 BDU.RobotDesktop.DesktopHandler PMS Server starting.., at Tuesday, 14 February 2023 05:32 PM
2023-02-14 17:32:20.0597 BDU.RobotDesktop.DesktopHandler PMS Server start process completed, at Tuesday, 14 February 2023 05:32 PM
2023-02-14 17:32:34.2009 BDU.RobotDesktop.DesktopHandler PMS Server starting.., at Tuesday, 14 February 2023 05:32 PM
2023-02-14 17:32:34.2009 BDU.RobotDesktop.DesktopHandler PMS Server start process completed, at Tuesday, 14 February 2023 05:32 PM
2023-02-14 17:32:44.7059 servr.integratex.ui.frmMain IntegrateX started, at Tuesday, 14 February 2023 05:32 PM
2023-02-14 17:33:18.1037 servr.integratex.ui.BDULoginForm Login attempted by user using account noman.sinup@gmail.com - at Tuesday, 14 February 2023 05:33 PM
2023-02-14 17:33:21.5722 servr.integratex.ui.BDULoginForm user - noman.sinup@gmail.com, login time is Tuesday, 14 February 2023 05:33 PM 
2023-02-14 17:33:22.5533 BDU.RobotDesktop.DesktopHandler PMS Server starting.., at Tuesday, 14 February 2023 05:33 PM
2023-02-14 17:33:22.5608 BDU.RobotDesktop.DesktopHandler PMS Server start process completed, at Tuesday, 14 February 2023 05:33 PM
2023-02-14 17:33:34.0938 BDU.RobotDesktop.DesktopHandler PMS Server starting.., at Tuesday, 14 February 2023 05:33 PM
2023-02-14 17:33:34.0938 BDU.RobotDesktop.DesktopHandler PMS Server start process completed, at Tuesday, 14 February 2023 05:33 PM
2023-02-14 17:33:42.8033 servr.integratex.ui.frmMain IntegrateX started, at Tuesday, 14 February 2023 05:33 PM
2023-02-14 18:25:37.3169 servr.integratex.ui.BDULoginForm Login attempted by user using account noman.sinup@gmail.com - at Tuesday, 14 February 2023 06:25 PM
2023-02-14 18:25:38.3603 servr.integratex.ui.BDULoginForm User noman.sinup@gmail.com login failed, try later or contact admin.
2023-02-14 18:25:45.7795 servr.integratex.ui.BDULoginForm Login attempted by user using account noman.sinup@gmail.com - at Tuesday, 14 February 2023 06:25 PM
2023-02-14 18:25:50.5951 servr.integratex.ui.BDULoginForm user - noman.sinup@gmail.com, login time is Tuesday, 14 February 2023 06:25 PM 
2023-02-14 18:25:51.7214 BDU.RobotDesktop.DesktopHandler PMS Server starting.., at Tuesday, 14 February 2023 06:25 PM
2023-02-14 18:25:51.7306 BDU.RobotDesktop.DesktopHandler PMS Server start process completed, at Tuesday, 14 February 2023 06:25 PM
2023-02-14 18:26:02.1952 BDU.RobotDesktop.DesktopHandler PMS Server starting.., at Tuesday, 14 February 2023 06:26 PM
2023-02-14 18:26:02.1952 BDU.RobotDesktop.DesktopHandler PMS Server start process completed, at Tuesday, 14 February 2023 06:26 PM
2023-02-14 18:26:13.3913 servr.integratex.ui.frmMain IntegrateX started, at Tuesday, 14 February 2023 06:26 PM
2023-02-14 18:28:46.2088 servr.integratex.ui.BDULoginForm Login attempted by user using account noman.sinup@gmail.com - at Tuesday, 14 February 2023 06:28 PM
2023-02-14 18:28:50.7281 servr.integratex.ui.BDULoginForm user - noman.sinup@gmail.com, login time is Tuesday, 14 February 2023 06:28 PM 
2023-02-14 18:28:51.8231 BDU.RobotDesktop.DesktopHandler PMS Server starting.., at Tuesday, 14 February 2023 06:28 PM
2023-02-14 18:28:51.8452 BDU.RobotDesktop.DesktopHandler PMS Server start process completed, at Tuesday, 14 February 2023 06:28 PM
2023-02-14 18:29:02.0554 BDU.RobotDesktop.DesktopHandler PMS Server starting.., at Tuesday, 14 February 2023 06:29 PM
2023-02-14 18:29:02.0554 BDU.RobotDesktop.DesktopHandler PMS Server start process completed, at Tuesday, 14 February 2023 06:29 PM
2023-02-14 18:29:12.6406 servr.integratex.ui.frmMain IntegrateX started, at Tuesday, 14 February 2023 06:29 PM
2023-02-14 18:30:01.5808 BDU.RobotDesktop.DesktopHandler Reservation found & reservation data scan started, at Tuesday, 14 February 2023 06:30 PM
2023-02-14 18:30:01.5870 BDU.RobotDesktop.DesktopHandler Data retreival process started, at 2/14/2023 6:30:01 PM
2023-02-14 18:30:35.0415 BDU.RobotDesktop.DesktopHandler Data retreival from form scan finished and data sent to IntegrateX, at Tuesday, 14 February 2023 06:30 PM
2023-02-14 18:31:14.5706 BDU.RobotDesktop.DesktopHandler Reservation found & reservation data scan started, at Tuesday, 14 February 2023 06:31 PM
2023-02-14 18:31:14.5710 BDU.RobotDesktop.DesktopHandler Data retreival process started, at 2/14/2023 6:31:14 PM
2023-02-14 18:31:52.2170 BDU.RobotDesktop.DesktopHandler Reservation found & reservation data scan started, at Tuesday, 14 February 2023 06:31 PM
2023-02-14 18:31:52.2170 BDU.RobotDesktop.DesktopHandler Data retreival process started, at 2/14/2023 6:31:52 PM
2023-02-14 18:32:29.1150 BDU.RobotDesktop.DesktopHandler Data retreival from form scan finished and data sent to IntegrateX, at Tuesday, 14 February 2023 06:32 PM
2023-02-14 18:32:29.6441 BDU.RobotDesktop.DesktopHandler Data retreival from form scan finished and data sent for user interface, at Tuesday, 14 February 2023 06:32 PM
2023-02-14 18:32:44.9485 BDU.RobotDesktop.DesktopHandler Reservation found & reservation data scan started, at Tuesday, 14 February 2023 06:32 PM
2023-02-14 18:32:44.9485 BDU.RobotDesktop.DesktopHandler Data retreival process started, at 2/14/2023 6:32:44 PM
2023-02-14 18:32:46.8841 BDU.RobotDesktop.DesktopHandler OpenQA.Selenium.WebDriverException: An element could not be located on the page using the given search parameters.
   at OpenQA.Selenium.Remote.RemoteWebDriver.UnpackAndThrowOnError(Response errorResponse)
   at OpenQA.Selenium.Remote.RemoteWebDriver.Execute(String driverCommandToExecute, Dictionary`2 parameters)
   at OpenQA.Selenium.Remote.RemoteWebElement.FindElement(String mechanism, String value)
   at OpenQA.Selenium.Appium.AppiumWebElement.FindElementByXPath(String xpath)
   at BDU.RobotDesktop.DesktopHandler.FindScanningElementWithFill(AppiumWebElement root, EntityFieldViewModel field) in D:\IX\aii\RobotAutoApp\BDU.RobotDesktop\DesktopHandler.cs:line 1346
2023-02-14 18:32:47.5872 BDU.RobotDesktop.DesktopHandler OpenQA.Selenium.WebDriverException: An element could not be located on the page using the given search parameters.
   at OpenQA.Selenium.Remote.RemoteWebDriver.UnpackAndThrowOnError(Response errorResponse)
   at OpenQA.Selenium.Remote.RemoteWebDriver.Execute(String driverCommandToExecute, Dictionary`2 parameters)
   at OpenQA.Selenium.Remote.RemoteWebElement.FindElement(String mechanism, String value)
   at OpenQA.Selenium.Appium.AppiumWebElement.FindElementByXPath(String xpath)
   at BDU.RobotDesktop.DesktopHandler.FindScanningElementWithFill(AppiumWebElement root, EntityFieldViewModel field) in D:\IX\aii\RobotAutoApp\BDU.RobotDesktop\DesktopHandler.cs:line 1346
2023-02-14 18:35:48.3156 BDU.RobotDesktop.DesktopHandler OpenQA.Selenium.WebDriverTimeoutException: Timed out after 180 seconds
   at OpenQA.Selenium.Support.UI.DefaultWait`1.ThrowTimeoutException(String exceptionMessage, Exception lastException)
   at OpenQA.Selenium.Support.UI.DefaultWait`1.Until[TResult](Func`2 condition)
   at BDU.RobotDesktop.DesktopHandler.FindScanningElementWithFill(AppiumWebElement root, EntityFieldViewModel field) in D:\IX\aii\RobotAutoApp\BDU.RobotDesktop\DesktopHandler.cs:line 1283
2023-02-14 18:35:48.8878 BDU.RobotDesktop.DesktopHandler OpenQA.Selenium.WebDriverException: An element could not be located on the page using the given search parameters.
   at OpenQA.Selenium.Remote.RemoteWebDriver.UnpackAndThrowOnError(Response errorResponse)
   at OpenQA.Selenium.Remote.RemoteWebDriver.Execute(String driverCommandToExecute, Dictionary`2 parameters)
   at OpenQA.Selenium.Remote.RemoteWebElement.FindElement(String mechanism, String value)
   at OpenQA.Selenium.Appium.AppiumWebElement.FindElementByXPath(String xpath)
   at BDU.RobotDesktop.DesktopHandler.FindScanningElementWithFill(AppiumWebElement root, EntityFieldViewModel field) in D:\IX\aii\RobotAutoApp\BDU.RobotDesktop\DesktopHandler.cs:line 1346
2023-02-14 18:35:49.4481 BDU.RobotDesktop.DesktopHandler OpenQA.Selenium.WebDriverException: An element could not be located on the page using the given search parameters.
   at OpenQA.Selenium.Remote.RemoteWebDriver.UnpackAndThrowOnError(Response errorResponse)
   at OpenQA.Selenium.Remote.RemoteWebDriver.Execute(String driverCommandToExecute, Dictionary`2 parameters)
   at OpenQA.Selenium.Remote.RemoteWebElement.FindElement(String mechanism, String value)
   at OpenQA.Selenium.Appium.AppiumWebElement.FindElementByXPath(String xpath)
   at BDU.RobotDesktop.DesktopHandler.FindScanningElementWithFill(AppiumWebElement root, EntityFieldViewModel field) in D:\IX\aii\RobotAutoApp\BDU.RobotDesktop\DesktopHandler.cs:line 1346
2023-02-14 18:35:50.0222 BDU.RobotDesktop.DesktopHandler OpenQA.Selenium.WebDriverException: An element could not be located on the page using the given search parameters.
   at OpenQA.Selenium.Remote.RemoteWebDriver.UnpackAndThrowOnError(Response errorResponse)
   at OpenQA.Selenium.Remote.RemoteWebDriver.Execute(String driverCommandToExecute, Dictionary`2 parameters)
   at OpenQA.Selenium.Remote.RemoteWebElement.FindElement(String mechanism, String value)
   at OpenQA.Selenium.Appium.AppiumWebElement.FindElementByXPath(String xpath)
   at BDU.RobotDesktop.DesktopHandler.FindScanningElementWithFill(AppiumWebElement root, EntityFieldViewModel field) in D:\IX\aii\RobotAutoApp\BDU.RobotDesktop\DesktopHandler.cs:line 1346
2023-02-14 18:35:50.7627 BDU.RobotDesktop.DesktopHandler OpenQA.Selenium.WebDriverException: An element could not be located on the page using the given search parameters.
   at OpenQA.Selenium.Remote.RemoteWebDriver.UnpackAndThrowOnError(Response errorResponse)
   at OpenQA.Selenium.Remote.RemoteWebDriver.Execute(String driverCommandToExecute, Dictionary`2 parameters)
   at OpenQA.Selenium.Remote.RemoteWebElement.FindElement(String mechanism, String value)
   at OpenQA.Selenium.Appium.AppiumWebElement.FindElementByXPath(String xpath)
   at BDU.RobotDesktop.DesktopHandler.FindScanningElementWithFill(AppiumWebElement root, EntityFieldViewModel field) in D:\IX\aii\RobotAutoApp\BDU.RobotDesktop\DesktopHandler.cs:line 1346
2023-02-14 18:35:51.4855 BDU.RobotDesktop.DesktopHandler OpenQA.Selenium.WebDriverException: An element could not be located on the page using the given search parameters.
   at OpenQA.Selenium.Remote.RemoteWebDriver.UnpackAndThrowOnError(Response errorResponse)
   at OpenQA.Selenium.Remote.RemoteWebDriver.Execute(String driverCommandToExecute, Dictionary`2 parameters)
   at OpenQA.Selenium.Remote.RemoteWebElement.FindElement(String mechanism, String value)
   at OpenQA.Selenium.Appium.AppiumWebElement.FindElementByXPath(String xpath)
   at BDU.RobotDesktop.DesktopHandler.FindScanningElementWithFill(AppiumWebElement root, EntityFieldViewModel field) in D:\IX\aii\RobotAutoApp\BDU.RobotDesktop\DesktopHandler.cs:line 1346
2023-02-14 18:35:52.6862 BDU.RobotDesktop.DesktopHandler OpenQA.Selenium.WebDriverException: An element could not be located on the page using the given search parameters.
   at OpenQA.Selenium.Remote.RemoteWebDriver.UnpackAndThrowOnError(Response errorResponse)
   at OpenQA.Selenium.Remote.RemoteWebDriver.Execute(String driverCommandToExecute, Dictionary`2 parameters)
   at OpenQA.Selenium.Remote.RemoteWebElement.FindElement(String mechanism, String value)
   at OpenQA.Selenium.Appium.AppiumWebElement.FindElementByXPath(String xpath)
   at BDU.RobotDesktop.DesktopHandler.FindScanningElementWithFill(AppiumWebElement root, EntityFieldViewModel field) in D:\IX\aii\RobotAutoApp\BDU.RobotDesktop\DesktopHandler.cs:line 1341
2023-02-14 18:35:52.7072 BDU.RobotDesktop.DesktopHandler Data retreival from form scan finished and data sent for user interface, at Tuesday, 14 February 2023 06:35 PM
2023-02-14 18:49:51.8293 BDU.RobotDesktop.DesktopHandler Reservation found & reservation data scan started, at Tuesday, 14 February 2023 06:49 PM
2023-02-14 18:50:00.6840 BDU.RobotDesktop.DesktopHandler Data retreival process started, at 2/14/2023 6:50:00 PM
2023-02-14 18:53:04.2848 BDU.RobotDesktop.DesktopHandler Data retreival from form scan finished and data sent to IntegrateX, at Tuesday, 14 February 2023 06:53 PM
2023-02-14 19:07:52.4898 servr.integratex.ui.BDULoginForm Login attempted by user using account noman.sinup@gmail.com - at Tuesday, 14 February 2023 07:07 PM
2023-02-14 19:07:57.0514 servr.integratex.ui.BDULoginForm user - noman.sinup@gmail.com, login time is Tuesday, 14 February 2023 07:07 PM 
2023-02-14 19:07:58.1043 BDU.RobotDesktop.DesktopHandler PMS Server starting.., at Tuesday, 14 February 2023 07:07 PM
2023-02-14 19:07:58.1043 BDU.RobotDesktop.DesktopHandler PMS Server start process completed, at Tuesday, 14 February 2023 07:07 PM
2023-02-14 19:08:09.8056 BDU.RobotDesktop.DesktopHandler PMS Server starting.., at Tuesday, 14 February 2023 07:08 PM
2023-02-14 19:08:09.8056 BDU.RobotDesktop.DesktopHandler PMS Server start process completed, at Tuesday, 14 February 2023 07:08 PM
2023-02-14 19:08:21.5277 servr.integratex.ui.frmMain IntegrateX started, at Tuesday, 14 February 2023 07:08 PM
